2025-06-21T01:15:59.773348+00:00 lab kernel: RAS: Correctable Errors collector initialized.
2025-06-21T01:15:59.773692+00:00 lab systemd[1]: apport-autoreport.path - Process error reports when automatic reporting is enabled (file watch) was skipped because of an unmet condition check (ConditionPathExists=/var/lib/apport/autoreport).
2025-06-21T01:15:59.773712+00:00 lab systemd[1]: apport-autoreport.timer - Process error reports when automatic reporting is enabled (timer based) was skipped because of an unmet condition check (ConditionPathExists=/var/lib/apport/autoreport).
2025-06-21T01:15:59.774003+00:00 lab kernel: i915 0000:00:02.0: [drm] *ERROR* Stolen reserved area [mem 0xdf900000-0xdf9fffff] outside stolen memory [mem 0x9fa00000-0xc19fffff]
2025-06-21T01:16:32.898337+00:00 lab pipewire[1784]: mod.jackdbus-detect: Failed to receive jackdbus reply: org.freedesktop.DBus.Error.ServiceUnknown: The name org.jackaudio.service was not provided by any .service files
2025-06-21T01:16:34.747511+00:00 lab gnome-session[1802]: gnome-session-binary[1802]: WARNING: Could not check if unit gnome-session-wayland@gnome-login.target is active: Error al llamar StartSereviceByName para org.freedesktop.systemd1: Process org.freedesktop.systemd1 exited with status 1
2025-06-21T01:16:34.747702+00:00 lab gnome-session-binary[1802]: WARNING: Could not check if unit gnome-session-wayland@gnome-login.target is active: Error al llamar StartSereviceByName para org.freedesktop.systemd1: Process org.freedesktop.systemd1 exited with status 1
2025-06-21T01:16:35.854428+00:00 lab wireplumber[1786]: Failed to get percentage from UPower: org.freedesktop.DBus.Error.NameHasNoOwner
2025-06-21T01:16:54.333876+00:00 lab gsd-sharing[2118]: Failed to StopUnit service: GDBus.Error:org.freedesktop.DBus.Error.Spawn.ChildExited: Process org.freedesktop.systemd1 exited with status 1
2025-06-21T01:16:54.334008+00:00 lab gsd-sharing[2118]: Failed to StopUnit service: GDBus.Error:org.freedesktop.DBus.Error.Spawn.ChildExited: Process org.freedesktop.systemd1 exited with status 1
2025-06-21T01:16:54.349808+00:00 lab gnome-shell[1866]: Error looking up permission: GDBus.Error:org.freedesktop.portal.Error.NotFound: No entry for geolocation
2025-06-21T01:16:55.735328+00:00 lab org.gnome.Shell.desktop[2253]: Errors from xkbcomp are not fatal to the X server
2025-06-21T01:16:58.050938+00:00 lab org.gnome.Shell.desktop[2325]: Errors from xkbcomp are not fatal to the X server
2025-06-21T01:17:09.248065+00:00 lab pipewire[2601]: mod.jackdbus-detect: Failed to receive jackdbus reply: org.freedesktop.DBus.Error.ServiceUnknown: The name org.jackaudio.service was not provided by any .service files
2025-06-21T01:17:16.712448+00:00 lab gnome-session[2964]: gnome-session-binary[2964]: GnomeDesktop-WARNING: Could not create transient scope for PID 2981: GDBus.Error:org.freedesktop.DBus.Error.UnixProcessIdUnknown: Failed to set unit properties: No such process
2025-06-21T01:17:16.712577+00:00 lab gnome-session-binary[2964]: GnomeDesktop-WARNING: Could not create transient scope for PID 2981: GDBus.Error:org.freedesktop.DBus.Error.UnixProcessIdUnknown: Failed to set unit properties: No such process
2025-06-21T01:17:18.098169+00:00 lab gnome-shell[1866]: Error connecting to the screencast service
2025-06-21T01:17:19.054905+00:00 lab gnome-shell[3010]: Error looking up permission: GDBus.Error:org.freedesktop.portal.Error.NotFound: No entry for geolocation
2025-06-21T01:17:19.269179+00:00 lab gnome-session[2964]: gnome-session-binary[2964]: GnomeDesktop-WARNING: Could not create transient scope for PID 3152: GDBus.Error:org.freedesktop.DBus.Error.UnixProcessIdUnknown: Failed to set unit properties: No such process
2025-06-21T01:17:19.269315+00:00 lab gnome-session-binary[2964]: GnomeDesktop-WARNING: Could not create transient scope for PID 3152: GDBus.Error:org.freedesktop.DBus.Error.UnixProcessIdUnknown: Failed to set unit properties: No such process
2025-06-21T01:17:19.299636+00:00 lab at-spi2-registr[3071]: Failed to register client: GDBus.Error:org.gnome.SessionManager.AlreadyRegistered: Unable to register client
2025-06-21T01:17:28.440115+00:00 lab gnome-shell[1866]: JS ERROR: Gio.IOErrorEnum: Xwayland exited unexpectedly#012@resource:///org/gnome/shell/ui/init.js:21:20
2025-06-21T01:17:28.457257+00:00 lab gsd-smartcard[2135]: Error releasing name org.gnome.SettingsDaemon.Smartcard: La conexión está cerrada
2025-06-21T01:17:52.688257+00:00 lab tracker-miner-fs-3[3974]: (tracker-extract-3:3974): GLib-GIO-WARNING **: 21:17:52.687: Error creating IO channel for /proc/self/mountinfo: Argumento inválido (g-io-error-quark, 13)
2025-06-21T01:18:30.118869+00:00 lab gnome-shell[4089]: Errors from xkbcomp are not fatal to the X server
2025-06-21T01:18:30.134701+00:00 lab gnome-shell[4092]: Errors from xkbcomp are not fatal to the X server
2025-06-21T01:24:11.706775+00:00 lab firefox_firefox.desktop[4663]: libva error: /snap/firefox/5751/gnome-platform/usr/lib/x86_64-linux-gnu/dri/iHD_drv_video.so init failed
2025-06-20T21:31:55.314577-04:00 lab snapd-desktop-integration.snapd-desktop-integration[3897]: Error 10; status-code=500 kind=(null) message=request canceled
2025-06-20T21:31:58.324503-04:00 lab snapd-desktop-integration.snapd-desktop-integration[3897]: Error 2; Failed to read from snapd: Error al recibir los datos: Connection reset by peer
2025-06-20T21:32:09.943189-04:00 lab snapd-desktop-integration.snapd-desktop-integration[3897]: Error 10; status-code=500 kind=(null) message=request canceled
2025-06-20T21:39:10.259435-04:00 lab containerd[26793]: time="2025-06-20T21:39:10.259244308-04:00" level=info msg="skip loading plugin \"io.containerd.snapshotter.v1.aufs\"..." error="aufs is not supported (modprobe aufs failed: exit status 1 \"modprobe: FATAL: Module aufs not found in directory /lib/modules/6.11.0-26-generic\\n\"): skip plugin" type=io.containerd.snapshotter.v1
2025-06-20T21:39:10.281961-04:00 lab containerd[26793]: time="2025-06-20T21:39:10.281915443-04:00" level=info msg="skip loading plugin \"io.containerd.snapshotter.v1.blockfile\"..." error="no scratch file generator: skip plugin" type=io.containerd.snapshotter.v1
2025-06-20T21:39:10.282436-04:00 lab containerd[26793]: time="2025-06-20T21:39:10.282299484-04:00" level=info msg="skip loading plugin \"io.containerd.snapshotter.v1.btrfs\"..." error="path /var/lib/containerd/io.containerd.snapshotter.v1.btrfs (ext4) must be a btrfs filesystem to be used with the btrfs snapshotter: skip plugin" type=io.containerd.snapshotter.v1
2025-06-20T21:39:10.282616-04:00 lab containerd[26793]: time="2025-06-20T21:39:10.282387280-04:00" level=info msg="skip loading plugin \"io.containerd.snapshotter.v1.devmapper\"..." error="devmapper not configured: skip plugin" type=io.containerd.snapshotter.v1
2025-06-20T21:39:10.283221-04:00 lab containerd[26793]: time="2025-06-20T21:39:10.283186457-04:00" level=info msg="skip loading plugin \"io.containerd.snapshotter.v1.zfs\"..." error="path /var/lib/containerd/io.containerd.snapshotter.v1.zfs must be a zfs filesystem to be used with the zfs snapshotter: skip plugin" type=io.containerd.snapshotter.v1
2025-06-20T21:39:10.437361-04:00 lab containerd[26793]: time="2025-06-20T21:39:10.435680987-04:00" level=info msg="skip loading plugin \"io.containerd.tracing.processor.v1.otlp\"..." error="skip plugin: tracing endpoint not configured" type=io.containerd.tracing.processor.v1
2025-06-20T21:39:10.437546-04:00 lab containerd[26793]: time="2025-06-20T21:39:10.435775359-04:00" level=info msg="skip loading plugin \"io.containerd.internal.v1.tracing\"..." error="skip plugin: tracing endpoint not configured" type=io.containerd.internal.v1
2025-06-20T21:39:17.662202-04:00 lab dockerd[27113]: time="2025-06-20T21:39:17.662033413-04:00" level=warning msg="CDI setup error /var/run/cdi: failed to monitor for changes: no such file or directory"
2025-06-20T21:39:17.662359-04:00 lab dockerd[27113]: time="2025-06-20T21:39:17.662085175-04:00" level=warning msg="CDI setup error /etc/cdi: failed to monitor for changes: no such file or directory"
2025-06-20T21:53:24.468311-04:00 lab tracker-miner-fs-3[49895]: (tracker-extract-3:49895): GLib-GIO-WARNING **: 21:53:24.467: Error creating IO channel for /proc/self/mountinfo: Argumento inválido (g-io-error-quark, 13)
2025-06-20T22:01:49.510846-04:00 lab tracker-miner-fs-3[58787]: (tracker-extract-3:58787): GLib-GIO-WARNING **: 22:01:49.510: Error creating IO channel for /proc/self/mountinfo: Argumento inválido (g-io-error-quark, 13)
2025-06-20T22:09:20.001952-04:00 lab update-notifier[3988]: Unable to connect to the Notification Watcher: GDBus.Error:org.freedesktop.DBus.Error.UnknownMethod: El objeto no existe en la ruta «/StatusNotifierWatcher»
2025-06-20T22:09:20.034356-04:00 lab update-notifier[3988]: Unable to connect to the Notification Watcher: GDBus.Error:org.freedesktop.DBus.Error.UnknownMethod: No existe la interfaz «org.kde.StatusNotifierWatcher» en el objeto en la ruta /StatusNotifierWatcher
2025-06-20T22:09:20.436662-04:00 lab gnome-shell[3010]: Impossible to enumerate trash children: TypeError: this.location is null#012#012Stack trace:#012  _updateTrash@file:///usr/share/gnome-shell/extensions/ubuntu-dock@ubuntu.com/locations.js:786:40#012  async*_init@file:///usr/share/gnome-shell/extensions/ubuntu-dock@ubuntu.com/locations.js:714:14#012  LocationAppInfo@file:///usr/share/gnome-shell/extensions/ubuntu-dock@ubuntu.com/locations.js:113:4#012  TrashAppInfo@file:///usr/share/gnome-shell/extensions/ubuntu-dock@ubuntu.com/locations.js:682:1#012  _ensureApp@file:///usr/share/gnome-shell/extensions/ubuntu-dock@ubuntu.com/locations.js:1277:22#012  getApp@file:///usr/share/gnome-shell/extensions/ubuntu-dock@ubuntu.com/locations.js:1283:14#012  wrapFileManagerApp@file:///usr/share/gnome-shell/extensions/ubuntu-dock@ubuntu.com/locations.js:1230:22#012  _ensureLocations@file:///usr/share/gnome-shell/extensions/ubuntu-dock@ubuntu.com/docking.js:1840:50#012  DockManager@file:///usr/share/gnome-shell/extensions/ubuntu-dock@ubuntu.com/docking.js:1722:14#012  _conditionallyEnableDock@file:///usr/share/gnome-shell/extensions/ubuntu-dock@ubuntu.com/extension.js:21:27#012  enable@file:///usr/share/gnome-shell/extensions/ubuntu-dock@ubuntu.com/extension.js:14:14#012  _callExtensionDisable@resource:///org/gnome/shell/ui/extensionSystem.js:230:55#012  async*_onEnabledExtensionsChanged@resource:///org/gnome/shell/ui/extensionSystem.js:644:24#012  _loadExtensions/<@resource:///org/gnome/shell/ui/extensionSystem.js:739:18#012  createCheckedMethod/<@resource:///org/gnome/gjs/modules/core/overrides/Gio.js:730:46#012  disableExtension@resource:///org/gnome/shell/ui/extensionSystem.js:310:29#012  DisableExtension@resource:///org/gnome/shell/ui/shellDBus.js:457:38#012  _handleMethodCall@resource:///org/gnome/gjs/modules/core/overrides/Gio.js:329:38#012  _wrapJSObject/<@resource:///org/gnome/gjs/modules/core/overrides/Gio.js:408:34#012  @resource:///org/gnome/shell/ui/init.js:21:20#012  
2025-06-20T22:09:20.438371-04:00 lab gnome-shell[3010]: Impossible to enumerate trash children: TypeError: this.location is null#012#012Stack trace:#012  _updateTrash@file:///usr/share/gnome-shell/extensions/ubuntu-dock@ubuntu.com/locations.js:786:40#012  async*_init@file:///usr/share/gnome-shell/extensions/ubuntu-dock@ubuntu.com/locations.js:714:14#012  LocationAppInfo@file:///usr/share/gnome-shell/extensions/ubuntu-dock@ubuntu.com/locations.js:113:4#012  TrashAppInfo@file:///usr/share/gnome-shell/extensions/ubuntu-dock@ubuntu.com/locations.js:682:1#012  _ensureApp@file:///usr/share/gnome-shell/extensions/ubuntu-dock@ubuntu.com/locations.js:1277:22#012  getApp@file:///usr/share/gnome-shell/extensions/ubuntu-dock@ubuntu.com/locations.js:1283:14#012  wrapFileManagerApp@file:///usr/share/gnome-shell/extensions/ubuntu-dock@ubuntu.com/locations.js:1230:22#012  _ensureLocations@file:///usr/share/gnome-shell/extensions/ubuntu-dock@ubuntu.com/docking.js:1840:50#012  DockManager@file:///usr/share/gnome-shell/extensions/ubuntu-dock@ubuntu.com/docking.js:1722:14#012  _conditionallyEnableDock@file:///usr/share/gnome-shell/extensions/ubuntu-dock@ubuntu.com/extension.js:21:27#012  enable@file:///usr/share/gnome-shell/extensions/ubuntu-dock@ubuntu.com/extension.js:14:14#012  _callExtensionDisable@resource:///org/gnome/shell/ui/extensionSystem.js:230:55#012  _onEnabledExtensionsChanged@resource:///org/gnome/shell/ui/extensionSystem.js:644:24#012  _loadExtensions/<@resource:///org/gnome/shell/ui/extensionSystem.js:739:18#012  createCheckedMethod/<@resource:///org/gnome/gjs/modules/core/overrides/Gio.js:730:46#012  disableExtension@resource:///org/gnome/shell/ui/extensionSystem.js:310:29#012  DisableExtension@resource:///org/gnome/shell/ui/shellDBus.js:457:38#012  _handleMethodCall@resource:///org/gnome/gjs/modules/core/overrides/Gio.js:329:38#012  _wrapJSObject/<@resource:///org/gnome/gjs/modules/core/overrides/Gio.js:408:34#012  @resource:///org/gnome/shell/ui/init.js:21:20#012  
2025-06-20T22:10:45.196568-04:00 lab dirmngr[67816]: error al cargar certificado '/etc/ssl/certs/ca-certificates.crt': Certificado caducado
2025-06-20T22:10:45.215166-04:00 lab dirmngr[67816]: error al cargar certificado '/etc/ssl/certs/ca-certificates.crt': Certificado caducado
2025-06-20T22:10:45.290511-04:00 lab gnome-shell[67840]: Errors from xkbcomp are not fatal to the X server
2025-06-20T22:12:07.501556-04:00 lab systemd[1]: apport-autoreport.path - Process error reports when automatic reporting is enabled (file watch) was skipped because of an unmet condition check (ConditionPathExists=/var/lib/apport/autoreport).
2025-06-20T22:12:07.501592-04:00 lab systemd[1]: apport-autoreport.timer - Process error reports when automatic reporting is enabled (timer based) was skipped because of an unmet condition check (ConditionPathExists=/var/lib/apport/autoreport).
2025-06-20T22:12:07.501617-04:00 lab kernel: RAS: Correctable Errors collector initialized.
2025-06-20T22:12:07.502240-04:00 lab kernel: i915 0000:00:02.0: [drm] *ERROR* Stolen reserved area [mem 0xdf900000-0xdf9fffff] outside stolen memory [mem 0x9fa00000-0xc19fffff]
2025-06-20T22:12:27.067993-04:00 lab containerd[1312]: time="2025-06-20T22:12:27.067900886-04:00" level=info msg="skip loading plugin \"io.containerd.snapshotter.v1.aufs\"..." error="aufs is not supported (modprobe aufs failed: exit status 1 \"modprobe: FATAL: Module aufs not found in directory /lib/modules/6.11.0-26-generic\\n\"): skip plugin" type=io.containerd.snapshotter.v1
2025-06-20T22:12:27.369899-04:00 lab pipewire[1359]: mod.jackdbus-detect: Failed to receive jackdbus reply: org.freedesktop.DBus.Error.ServiceUnknown: The name org.jackaudio.service was not provided by any .service files
2025-06-20T22:12:27.580828-04:00 lab containerd[1312]: time="2025-06-20T22:12:27.580649245-04:00" level=info msg="skip loading plugin \"io.containerd.snapshotter.v1.blockfile\"..." error="no scratch file generator: skip plugin" type=io.containerd.snapshotter.v1
2025-06-20T22:12:27.581364-04:00 lab containerd[1312]: time="2025-06-20T22:12:27.581237531-04:00" level=info msg="skip loading plugin \"io.containerd.snapshotter.v1.btrfs\"..." error="path /var/lib/containerd/io.containerd.snapshotter.v1.btrfs (ext4) must be a btrfs filesystem to be used with the btrfs snapshotter: skip plugin" type=io.containerd.snapshotter.v1
2025-06-20T22:12:27.581605-04:00 lab containerd[1312]: time="2025-06-20T22:12:27.581318191-04:00" level=info msg="skip loading plugin \"io.containerd.snapshotter.v1.devmapper\"..." error="devmapper not configured: skip plugin" type=io.containerd.snapshotter.v1
2025-06-20T22:12:27.598873-04:00 lab containerd[1312]: time="2025-06-20T22:12:27.598432949-04:00" level=info msg="skip loading plugin \"io.containerd.snapshotter.v1.zfs\"..." error="path /var/lib/containerd/io.containerd.snapshotter.v1.zfs must be a zfs filesystem to be used with the zfs snapshotter: skip plugin" type=io.containerd.snapshotter.v1
2025-06-20T22:12:28.029044-04:00 lab containerd[1312]: time="2025-06-20T22:12:28.028774305-04:00" level=info msg="skip loading plugin \"io.containerd.tracing.processor.v1.otlp\"..." error="skip plugin: tracing endpoint not configured" type=io.containerd.tracing.processor.v1
2025-06-20T22:12:28.029219-04:00 lab containerd[1312]: time="2025-06-20T22:12:28.028876937-04:00" level=info msg="skip loading plugin \"io.containerd.internal.v1.tracing\"..." error="skip plugin: tracing endpoint not configured" type=io.containerd.internal.v1
2025-06-20T22:12:30.096349-04:00 lab gnome-session[1394]: gnome-session-binary[1394]: WARNING: Could not check if unit gnome-session-wayland@gnome-login.target is active: Error al llamar StartSereviceByName para org.freedesktop.systemd1: Process org.freedesktop.systemd1 exited with status 1
2025-06-20T22:12:30.096635-04:00 lab gnome-session-binary[1394]: WARNING: Could not check if unit gnome-session-wayland@gnome-login.target is active: Error al llamar StartSereviceByName para org.freedesktop.systemd1: Process org.freedesktop.systemd1 exited with status 1
2025-06-20T22:12:31.166190-04:00 lab wireplumber[1362]: Failed to get percentage from UPower: org.freedesktop.DBus.Error.NameHasNoOwner
2025-06-20T22:12:50.466611-04:00 lab dockerd[1421]: time="2025-06-20T22:12:50.465948870-04:00" level=warning msg="Error (Unable to complete atomic operation, key modified) deleting object [endpoint_count a0dbe804e99d8c9a781d77bb70019792ca0ff1fe79d076e7046aa38bffe64d38], retrying...."
2025-06-20T22:12:57.769241-04:00 lab dockerd[1421]: time="2025-06-20T22:12:57.769012373-04:00" level=warning msg="CDI setup error /etc/cdi: failed to monitor for changes: no such file or directory"
2025-06-20T22:12:57.769380-04:00 lab dockerd[1421]: time="2025-06-20T22:12:57.769070748-04:00" level=warning msg="CDI setup error /var/run/cdi: failed to monitor for changes: no such file or directory"
2025-06-20T22:13:07.008532-04:00 lab gsd-sharing[1971]: Failed to StopUnit service: GDBus.Error:org.freedesktop.DBus.Error.Spawn.ChildExited: Process org.freedesktop.systemd1 exited with status 1
2025-06-20T22:13:07.008678-04:00 lab gsd-sharing[1971]: Failed to StopUnit service: GDBus.Error:org.freedesktop.DBus.Error.Spawn.ChildExited: Process org.freedesktop.systemd1 exited with status 1
2025-06-20T22:13:07.280677-04:00 lab gnome-shell[1455]: Error looking up permission: GDBus.Error:org.freedesktop.portal.Error.NotFound: No entry for geolocation
2025-06-20T22:13:10.372065-04:00 lab org.gnome.Shell.desktop[2181]: Errors from xkbcomp are not fatal to the X server
2025-06-20T22:13:23.469098-04:00 lab org.gnome.Shell.desktop[2314]: Errors from xkbcomp are not fatal to the X server
2025-06-20T22:13:32.842872-04:00 lab pipewire[2408]: mod.jackdbus-detect: Failed to receive jackdbus reply: org.freedesktop.DBus.Error.ServiceUnknown: The name org.jackaudio.service was not provided by any .service files
2025-06-20T22:13:32.843814-04:00 lab gnome-shell[1455]: Error connecting to the screencast service
2025-06-20T22:13:47.076782-04:00 lab user-session-migration[2639]: Exited with an error
2025-06-20T22:13:47.735824-04:00 lab gnome-session[2668]: gnome-session-binary[2668]: GnomeDesktop-WARNING: Could not create transient scope for PID 2683: GDBus.Error:org.freedesktop.DBus.Error.UnixProcessIdUnknown: Failed to set unit properties: No such process
2025-06-20T22:13:47.735961-04:00 lab gnome-session-binary[2668]: GnomeDesktop-WARNING: Could not create transient scope for PID 2683: GDBus.Error:org.freedesktop.DBus.Error.UnixProcessIdUnknown: Failed to set unit properties: No such process
2025-06-20T22:13:50.564167-04:00 lab gnome-session[2668]: gnome-session-binary[2668]: GnomeDesktop-WARNING: Could not create transient scope for PID 2823: GDBus.Error:org.freedesktop.DBus.Error.UnixProcessIdUnknown: Failed to set unit properties: No such process
2025-06-20T22:13:50.566319-04:00 lab gnome-session-binary[2668]: GnomeDesktop-WARNING: Could not create transient scope for PID 2823: GDBus.Error:org.freedesktop.DBus.Error.UnixProcessIdUnknown: Failed to set unit properties: No such process
2025-06-20T22:13:50.646416-04:00 lab at-spi2-registr[2772]: Failed to register client: GDBus.Error:org.gnome.SessionManager.AlreadyRegistered: Unable to register client
2025-06-20T22:13:53.985140-04:00 lab gnome-shell[2712]: Error looking up permission: GDBus.Error:org.freedesktop.portal.Error.NotFound: No entry for geolocation
2025-06-20T22:14:01.486862-04:00 lab gsd-smartcard[1989]: Error releasing name org.gnome.SettingsDaemon.Smartcard: La conexión está cerrada
2025-06-20T22:14:01.487317-04:00 lab gsd-datetime[1992]: Error releasing name org.gnome.SettingsDaemon.Datetime: La conexión está cerrada
2025-06-20T22:14:01.488343-04:00 lab gsd-a11y-settin[2006]: Error releasing name org.gnome.SettingsDaemon.A11ySettings: La conexión está cerrada
2025-06-20T22:14:01.488788-04:00 lab gsd-rfkill[1987]: Error releasing name org.gnome.SettingsDaemon.Rfkill: La conexión está cerrada
2025-06-20T22:14:01.489841-04:00 lab gsd-sharing[1971]: Error releasing name org.gnome.SettingsDaemon.Sharing: La conexión está cerrada
2025-06-20T22:14:01.490768-04:00 lab gsd-sound[2002]: Error releasing name org.gnome.SettingsDaemon.Sound: La conexión está cerrada
2025-06-20T22:14:01.496273-04:00 lab gsd-print-notif[1983]: Error releasing name org.gnome.SettingsDaemon.PrintNotifications: La conexión está cerrada
2025-06-20T22:14:32.358652-04:00 lab tracker-miner-fs-3[4154]: (tracker-extract-3:4154): GLib-GIO-WARNING **: 22:14:32.358: Error creating IO channel for /proc/self/mountinfo: Argumento inválido (g-io-error-quark, 13)
2025-06-20T22:19:04.501159-04:00 lab gnome-shell[9047]: Errors from xkbcomp are not fatal to the X server
2025-06-20T22:19:04.516204-04:00 lab gnome-shell[9050]: Errors from xkbcomp are not fatal to the X server
2025-06-20T22:19:52.033489-04:00 lab whoopsie[9341]: [22:19:52] Sent; server replied with: No error
2025-06-20T22:20:08.231715-04:00 lab google-chrome.desktop[9387]: libva error: /usr/lib/x86_64-linux-gnu/dri/iHD_drv_video.so init failed
2025-06-20T22:20:18.071752-04:00 lab google-chrome.desktop[9387]: [9434:9434:0620/222018.012714:ERROR:ui/gl/gl_surface_presentation_helper.cc:260] GetVSyncParametersIfAvailable() failed for 1 times!
2025-06-20T22:20:20.412719-04:00 lab google-chrome.desktop[9387]: [9434:9434:0620/222020.411694:ERROR:ui/gl/gl_surface_presentation_helper.cc:260] GetVSyncParametersIfAvailable() failed for 2 times!
2025-06-20T22:20:24.400368-04:00 lab google-chrome.desktop[9387]: [9434:9434:0620/222024.399871:ERROR:ui/gl/gl_surface_presentation_helper.cc:260] GetVSyncParametersIfAvailable() failed for 3 times!
2025-06-20T22:27:00.639967-04:00 lab google-chrome.desktop[11198]: libva error: /usr/lib/x86_64-linux-gnu/dri/iHD_drv_video.so init failed
2025-06-20T22:28:08.906498-04:00 lab google-chrome.desktop[11198]: [11246:11246:0620/222808.905643:ERROR:ui/gl/gl_surface_presentation_helper.cc:260] GetVSyncParametersIfAvailable() failed for 1 times!
2025-06-20T22:28:28.512513-04:00 lab google-chrome.desktop[11198]: [11246:11246:0620/222828.511516:ERROR:ui/gl/gl_surface_presentation_helper.cc:260] GetVSyncParametersIfAvailable() failed for 2 times!
2025-06-20T22:28:28.520736-04:00 lab google-chrome.desktop[11198]: [11246:11246:0620/222828.520302:ERROR:ui/gl/gl_surface_presentation_helper.cc:260] GetVSyncParametersIfAvailable() failed for 3 times!
2025-06-20T22:30:01.040350-04:00 lab google-chrome.desktop[11198]: Error: Required limit (14336) is greater than the supported limit (8192).
2025-06-20T22:30:01.040583-04:00 lab google-chrome.desktop[11198]: [11797:11797:0620/223001.040261:ERROR:services/on_device_model/ml/gpu_blocklist.cc:120] Unable to get gpu adapter
2025-06-20T22:30:01.040756-04:00 lab google-chrome.desktop[11198]: [11190:11190:0620/223001.040574:ERROR:services/on_device_model/public/cpp/service_client.cc:36] Unexpected on_device_model service disconnect: The device's GPU is not supported.
2025-06-20T22:45:16.324611-04:00 lab systemd[1]: Started apport-autoreport.path - Process error reports when automatic reporting is enabled (file watch).
2025-06-20T22:45:16.324649-04:00 lab systemd[1]: Started apport-autoreport.timer - Process error reports when automatic reporting is enabled (timer based).
2025-06-20T22:45:16.324909-04:00 lab kernel: RAS: Correctable Errors collector initialized.
2025-06-20T22:45:16.325633-04:00 lab kernel: i915 0000:00:02.0: [drm] *ERROR* Stolen reserved area [mem 0xdf900000-0xdf9fffff] outside stolen memory [mem 0x9fa00000-0xc19fffff]
2025-06-20T22:45:37.104120-04:00 lab containerd[1370]: time="2025-06-20T22:45:37.104015108-04:00" level=info msg="skip loading plugin \"io.containerd.snapshotter.v1.aufs\"..." error="aufs is not supported (modprobe aufs failed: exit status 1 \"modprobe: FATAL: Module aufs not found in directory /lib/modules/6.11.0-26-generic\\n\"): skip plugin" type=io.containerd.snapshotter.v1
2025-06-20T22:45:37.140436-04:00 lab containerd[1370]: time="2025-06-20T22:45:37.140322377-04:00" level=info msg="skip loading plugin \"io.containerd.snapshotter.v1.blockfile\"..." error="no scratch file generator: skip plugin" type=io.containerd.snapshotter.v1
2025-06-20T22:45:37.140833-04:00 lab containerd[1370]: time="2025-06-20T22:45:37.140739832-04:00" level=info msg="skip loading plugin \"io.containerd.snapshotter.v1.btrfs\"..." error="path /var/lib/containerd/io.containerd.snapshotter.v1.btrfs (ext4) must be a btrfs filesystem to be used with the btrfs snapshotter: skip plugin" type=io.containerd.snapshotter.v1
2025-06-20T22:45:37.141180-04:00 lab containerd[1370]: time="2025-06-20T22:45:37.140822907-04:00" level=info msg="skip loading plugin \"io.containerd.snapshotter.v1.devmapper\"..." error="devmapper not configured: skip plugin" type=io.containerd.snapshotter.v1
2025-06-20T22:45:37.159400-04:00 lab containerd[1370]: time="2025-06-20T22:45:37.159303802-04:00" level=info msg="skip loading plugin \"io.containerd.snapshotter.v1.zfs\"..." error="path /var/lib/containerd/io.containerd.snapshotter.v1.zfs must be a zfs filesystem to be used with the zfs snapshotter: skip plugin" type=io.containerd.snapshotter.v1
2025-06-20T22:45:37.482803-04:00 lab containerd[1370]: time="2025-06-20T22:45:37.482606791-04:00" level=info msg="skip loading plugin \"io.containerd.tracing.processor.v1.otlp\"..." error="skip plugin: tracing endpoint not configured" type=io.containerd.tracing.processor.v1
2025-06-20T22:45:37.482930-04:00 lab containerd[1370]: time="2025-06-20T22:45:37.482681072-04:00" level=info msg="skip loading plugin \"io.containerd.internal.v1.tracing\"..." error="skip plugin: tracing endpoint not configured" type=io.containerd.internal.v1
2025-06-20T22:45:37.790470-04:00 lab pipewire[1536]: mod.jackdbus-detect: Failed to receive jackdbus reply: org.freedesktop.DBus.Error.ServiceUnknown: The name org.jackaudio.service was not provided by any .service files
2025-06-20T22:45:40.818776-04:00 lab gnome-session[1569]: gnome-session-binary[1569]: WARNING: Could not check if unit gnome-session-wayland@gnome-login.target is active: Error al llamar StartSereviceByName para org.freedesktop.systemd1: Process org.freedesktop.systemd1 exited with status 1
2025-06-20T22:45:40.818936-04:00 lab gnome-session-binary[1569]: WARNING: Could not check if unit gnome-session-wayland@gnome-login.target is active: Error al llamar StartSereviceByName para org.freedesktop.systemd1: Process org.freedesktop.systemd1 exited with status 1
2025-06-20T22:45:41.888611-04:00 lab wireplumber[1539]: Failed to get percentage from UPower: org.freedesktop.DBus.Error.NameHasNoOwner
2025-06-20T22:45:59.683096-04:00 lab dockerd[1590]: time="2025-06-20T22:45:59.682692171-04:00" level=warning msg="Error (Unable to complete atomic operation, key modified) deleting object [endpoint_count 8e7e8cf495a9e37a15b4158c3accaa11de100fa32fee83bd0c9c90d29443605a], retrying...."
2025-06-20T22:46:06.394862-04:00 lab dockerd[1590]: time="2025-06-20T22:46:06.394719390-04:00" level=warning msg="CDI setup error /var/run/cdi: failed to monitor for changes: no such file or directory"
2025-06-20T22:46:06.395026-04:00 lab dockerd[1590]: time="2025-06-20T22:46:06.394770036-04:00" level=warning msg="CDI setup error /etc/cdi: failed to monitor for changes: no such file or directory"
2025-06-20T22:46:18.175536-04:00 lab gsd-sharing[2173]: Failed to StopUnit service: GDBus.Error:org.freedesktop.DBus.Error.Spawn.ChildExited: Process org.freedesktop.systemd1 exited with status 1
2025-06-20T22:46:18.175684-04:00 lab gsd-sharing[2173]: Failed to StopUnit service: GDBus.Error:org.freedesktop.DBus.Error.Spawn.ChildExited: Process org.freedesktop.systemd1 exited with status 1
2025-06-20T22:46:18.230411-04:00 lab gnome-shell[1628]: Error looking up permission: GDBus.Error:org.freedesktop.portal.Error.NotFound: No entry for geolocation
2025-06-20T22:46:21.546421-04:00 lab org.gnome.Shell.desktop[2410]: Errors from xkbcomp are not fatal to the X server
2025-06-20T22:46:29.960409-04:00 lab org.gnome.Shell.desktop[2477]: Errors from xkbcomp are not fatal to the X server
2025-06-20T22:46:36.307509-04:00 lab pipewire[2574]: mod.jackdbus-detect: Failed to receive jackdbus reply: org.freedesktop.DBus.Error.ServiceUnknown: The name org.jackaudio.service was not provided by any .service files
2025-06-20T22:46:46.849034-04:00 lab user-session-migration[2794]: Exited with an error
2025-06-20T22:46:47.501350-04:00 lab gnome-session[2820]: gnome-session-binary[2820]: GnomeDesktop-WARNING: Could not create transient scope for PID 2836: GDBus.Error:org.freedesktop.DBus.Error.UnixProcessIdUnknown: Failed to set unit properties: No such process
2025-06-20T22:46:47.501458-04:00 lab gnome-session-binary[2820]: GnomeDesktop-WARNING: Could not create transient scope for PID 2836: GDBus.Error:org.freedesktop.DBus.Error.UnixProcessIdUnknown: Failed to set unit properties: No such process
2025-06-20T22:46:50.303747-04:00 lab gnome-session[2820]: gnome-session-binary[2820]: GnomeDesktop-WARNING: Could not create transient scope for PID 2978: GDBus.Error:org.freedesktop.DBus.Error.UnixProcessIdUnknown: Failed to set unit properties: No such process
2025-06-20T22:46:50.304148-04:00 lab gnome-session-binary[2820]: GnomeDesktop-WARNING: Could not create transient scope for PID 2978: GDBus.Error:org.freedesktop.DBus.Error.UnixProcessIdUnknown: Failed to set unit properties: No such process
2025-06-20T22:46:50.322031-04:00 lab at-spi2-registr[2932]: Failed to register client: GDBus.Error:org.gnome.SessionManager.AlreadyRegistered: Unable to register client
2025-06-20T22:46:50.323568-04:00 lab gnome-shell[2865]: Error looking up permission: GDBus.Error:org.freedesktop.portal.Error.NotFound: No entry for geolocation
2025-06-20T22:46:57.603667-04:00 lab gnome-shell[1628]: JS ERROR: Gio.IOErrorEnum: Xwayland exited unexpectedly#012@resource:///org/gnome/shell/ui/init.js:21:20
2025-06-20T22:47:04.766577-04:00 lab tracker-miner-fs-3[3594]: (tracker-extract-3:3594): GLib-GIO-WARNING **: 22:47:04.766: Error creating IO channel for /proc/self/mountinfo: Argumento inválido (g-io-error-quark, 13)
2025-06-20T22:55:44.284818-04:00 lab gnome-shell[8431]: Errors from xkbcomp are not fatal to the X server
2025-06-20T22:55:44.299064-04:00 lab gnome-shell[8434]: Errors from xkbcomp are not fatal to the X server
2025-06-20T22:55:52.719656-04:00 lab google-chrome.desktop[8403]: libva error: /usr/lib/x86_64-linux-gnu/dri/iHD_drv_video.so init failed
2025-06-20T22:56:02.640431-04:00 lab google-chrome.desktop[8403]: [8396:8396:0620/225602.639936:ERROR:chrome/browser/ui/webui/new_tab_page/new_tab_page_handler.cc:1353] NewTabPage loaded into a non-browser-tab context
2025-06-20T22:56:08.596246-04:00 lab google-chrome.desktop[8403]: [8494:8494:0620/225608.595352:ERROR:ui/gl/gl_surface_presentation_helper.cc:260] GetVSyncParametersIfAvailable() failed for 1 times!
2025-06-20T22:57:25.556048-04:00 lab google-chrome.desktop[8403]: [8494:8494:0620/225725.555017:ERROR:ui/gl/gl_surface_presentation_helper.cc:260] GetVSyncParametersIfAvailable() failed for 2 times!
2025-06-20T22:57:37.228954-04:00 lab google-chrome.desktop[8403]: [8494:8494:0620/225737.228498:ERROR:ui/gl/gl_surface_presentation_helper.cc:260] GetVSyncParametersIfAvailable() failed for 3 times!
2025-06-20T22:59:54.349633-04:00 lab google-chrome.desktop[8403]: [8499:8504:0620/225954.348779:ERROR:net/socket/ssl_client_socket_impl.cc:878] handshake failed; returned -1, SSL error code 1, net_error -100
2025-06-20T22:59:54.364117-04:00 lab google-chrome.desktop[8403]: [8499:8504:0620/225954.363936:ERROR:net/socket/ssl_client_socket_impl.cc:878] handshake failed; returned -1, SSL error code 1, net_error -107
2025-06-20T23:00:05.972714-04:00 lab google-chrome.desktop[8403]: [8499:8504:0620/230005.971838:ERROR:net/socket/ssl_client_socket_impl.cc:878] handshake failed; returned -1, SSL error code 1, net_error -100
2025-06-20T23:00:17.766965-04:00 lab google-chrome.desktop[8403]: [8499:8504:0620/230017.766272:ERROR:net/socket/ssl_client_socket_impl.cc:878] handshake failed; returned -1, SSL error code 1, net_error -100
2025-06-20T23:05:28.665685-04:00 lab google-chrome.desktop[12000]: libva error: /usr/lib/x86_64-linux-gnu/dri/iHD_drv_video.so init failed
2025-06-20T23:06:05.047851-04:00 lab google-chrome.desktop[12000]: [12049:12049:0620/230605.047543:ERROR:ui/gl/gl_surface_presentation_helper.cc:260] GetVSyncParametersIfAvailable() failed for 1 times!
2025-06-20T23:06:09.661517-04:00 lab google-chrome.desktop[12000]: [12049:12049:0620/230609.660943:ERROR:ui/gl/gl_surface_presentation_helper.cc:260] GetVSyncParametersIfAvailable() failed for 2 times!
2025-06-20T23:06:09.663661-04:00 lab google-chrome.desktop[12000]: [12049:12049:0620/230609.663392:ERROR:ui/gl/gl_surface_presentation_helper.cc:260] GetVSyncParametersIfAvailable() failed for 3 times!
2025-06-20T23:10:51.033366-04:00 lab tracker-miner-fs-3[13891]: (tracker-extract-3:13891): GLib-GIO-WARNING **: 23:10:51.032: Error creating IO channel for /proc/self/mountinfo: Argumento inválido (g-io-error-quark, 13)
2025-06-20T23:12:34.342188-04:00 lab tracker-miner-fs-3[14741]: (tracker-extract-3:14741): GLib-GIO-WARNING **: 23:12:34.341: Error creating IO channel for /proc/self/mountinfo: Argumento inválido (g-io-error-quark, 13)
2025-06-20T23:16:43.541343-04:00 lab google-chrome.desktop[12000]: [11993:11993:0620/231643.540480:ERROR:ui/gfx/x/atom_cache.cc:232] Add chromium/from-privileged to kAtomsToCache
2025-06-20T23:19:47.266442-04:00 lab google-chrome.desktop[18168]: libva error: /usr/lib/x86_64-linux-gnu/dri/iHD_drv_video.so init failed
2025-06-20T23:23:42.496887-04:00 lab google-chrome.desktop[18168]: [18214:18214:0620/232342.495978:ERROR:ui/gl/gl_surface_presentation_helper.cc:260] GetVSyncParametersIfAvailable() failed for 1 times!
2025-06-20T23:23:42.504832-04:00 lab google-chrome.desktop[18168]: [18214:18214:0620/232342.504491:ERROR:ui/gl/gl_surface_presentation_helper.cc:260] GetVSyncParametersIfAvailable() failed for 2 times!
2025-06-20T23:27:08.439795-04:00 lab gnome-software[3016]: internal error: failed, but no error code: cancelled-priority
2025-06-20T23:27:37.254940-04:00 lab gnome-shell[2865]: Gio.DBusError: GDBus.Error:org.freedesktop.DBus.Error.Failed: Set global engine failed: Se canceló la operación#012#012Stack trace:#012  _promisify/proto[asyncFunc]/</<@resource:///org/gnome/gjs/modules/core/overrides/Gio.js:453:45#012  @resource:///org/gnome/shell/ui/init.js:21:20#012  ### Promise created here: ####012  _setEngine@resource:///org/gnome/shell/misc/ibusManager.js:291:30#012  setEngine@resource:///org/gnome/shell/misc/ibusManager.js:314:24#012  activateInputSource@resource:///org/gnome/shell/ui/status/keyboard.js:527:31#012  _callHandlers@resource:///org/gnome/gjs/modules/core/_signals.js:130:42#012  _emit@resource:///org/gnome/gjs/modules/core/_signals.js:119:10#012  activate@resource:///org/gnome/shell/ui/status/keyboard.js:68:14#012  _inputSourcesChanged@resource:///org/gnome/shell/ui/status/keyboard.js:661:33#012  reload@resource:///org/gnome/shell/ui/status/keyboard.js:396:14#012  _ibusSetContentType@resource:///org/gnome/shell/ui/status/keyboard.js:736:14#012  _callHandlers@resource:///org/gnome/gjs/modules/core/_signals.js:130:42#012  _emit@resource:///org/gnome/gjs/modules/core/_signals.js:119:10#012  _setContentType@resource:///org/gnome/shell/misc/ibusManager.js:266:14#012  @resource:///org/gnome/shell/ui/init.js:21:20#012  
2025-06-20T23:28:13.605272-04:00 lab google-chrome.desktop[18168]: [18214:18214:0620/232813.604552:ERROR:ui/gl/gl_surface_presentation_helper.cc:260] GetVSyncParametersIfAvailable() failed for 3 times!
2025-06-20T23:31:40.657716-04:00 lab tracker-miner-fs-3[22477]: (tracker-extract-3:22477): GLib-GIO-WARNING **: 23:31:40.657: Error creating IO channel for /proc/self/mountinfo: Argumento inválido (g-io-error-quark, 13)
2025-06-20T23:34:34.020914-04:00 lab tracker-miner-fs-3[24027]: (tracker-extract-3:24027): GLib-GIO-WARNING **: 23:34:34.020: Error creating IO channel for /proc/self/mountinfo: Argumento inválido (g-io-error-quark, 13)
2025-06-20T23:35:06.843166-04:00 lab tracker-miner-fs-3[24248]: (tracker-extract-3:24248): GLib-GIO-WARNING **: 23:35:06.842: Error creating IO channel for /proc/self/mountinfo: Argumento inválido (g-io-error-quark, 13)
2025-06-20T23:35:58.764784-04:00 lab tracker-miner-fs-3[24478]: (tracker-extract-3:24478): GLib-GIO-WARNING **: 23:35:58.764: Error creating IO channel for /proc/self/mountinfo: Argumento inválido (g-io-error-quark, 13)
2025-06-20T23:37:57.342937-04:00 lab google-chrome.desktop[18168]: [18216:18224:0620/233757.342208:ERROR:net/socket/ssl_client_socket_impl.cc:878] handshake failed; returned -1, SSL error code 1, net_error -100
2025-06-20T23:37:57.381908-04:00 lab google-chrome.desktop[18168]: [18216:18224:0620/233757.381699:ERROR:net/socket/ssl_client_socket_impl.cc:878] handshake failed; returned -1, SSL error code 1, net_error -107
2025-06-20T23:38:06.835687-04:00 lab google-chrome.desktop[18168]: [18216:18224:0620/233806.834926:ERROR:net/socket/ssl_client_socket_impl.cc:878] handshake failed; returned -1, SSL error code 1, net_error -107
2025-06-20T23:38:20.427017-04:00 lab google-chrome.desktop[18168]: [18216:18224:0620/233820.426177:ERROR:net/socket/ssl_client_socket_impl.cc:878] handshake failed; returned -1, SSL error code 1, net_error -100
2025-06-20T23:41:15.854683-04:00 lab tracker-miner-fs-3[29115]: (tracker-extract-3:29115): GLib-GIO-WARNING **: 23:41:15.854: Error creating IO channel for /proc/self/mountinfo: Argumento inválido (g-io-error-quark, 13)
2025-06-20T23:41:35.331148-04:00 lab tracker-miner-fs-3[29250]: (tracker-extract-3:29250): GLib-GIO-WARNING **: 23:41:35.330: Error creating IO channel for /proc/self/mountinfo: Argumento inválido (g-io-error-quark, 13)
2025-06-20T23:41:54.090795-04:00 lab tracker-miner-fs-3[29398]: (tracker-extract-3:29398): GLib-GIO-WARNING **: 23:41:54.090: Error creating IO channel for /proc/self/mountinfo: Argumento inválido (g-io-error-quark, 13)
2025-06-20T23:42:09.477821-04:00 lab tracker-miner-fs-3[29568]: (tracker-extract-3:29568): GLib-GIO-WARNING **: 23:42:09.477: Error creating IO channel for /proc/self/mountinfo: Argumento inválido (g-io-error-quark, 13)
2025-06-20T23:42:57.287753-04:00 lab tracker-miner-fs-3[29717]: (tracker-extract-3:29717): GLib-GIO-WARNING **: 23:42:57.287: Error creating IO channel for /proc/self/mountinfo: Argumento inválido (g-io-error-quark, 13)
2025-06-20T23:43:59.188687-04:00 lab google-chrome.desktop[18168]: [18216:18224:0620/234359.188033:ERROR:net/socket/ssl_client_socket_impl.cc:878] handshake failed; returned -1, SSL error code 1, net_error -100
2025-06-20T23:43:59.205680-04:00 lab google-chrome.desktop[18168]: [18216:18224:0620/234359.204109:ERROR:net/socket/ssl_client_socket_impl.cc:878] handshake failed; returned -1, SSL error code 1, net_error -100
2025-06-20T23:44:06.811204-04:00 lab google-chrome.desktop[18168]: [18216:18224:0620/234406.810477:ERROR:net/socket/ssl_client_socket_impl.cc:878] handshake failed; returned -1, SSL error code 1, net_error -100
2025-06-20T23:44:15.106262-04:00 lab google-chrome.desktop[18168]: [18216:18224:0620/234415.105348:ERROR:net/socket/ssl_client_socket_impl.cc:878] handshake failed; returned -1, SSL error code 1, net_error -100
2025-06-20T23:44:57.656931-04:00 lab systemd[1]: Starting apport-autoreport.service - Process error reports when automatic reporting is enabled...
2025-06-20T23:44:57.857256-04:00 lab systemd[1]: Finished apport-autoreport.service - Process error reports when automatic reporting is enabled.
2025-06-20T23:49:57.127232-04:00 lab tracker-miner-fs-3[30393]: (tracker-extract-3:30393): GLib-GIO-WARNING **: 23:49:57.126: Error creating IO channel for /proc/self/mountinfo: Argumento inválido (g-io-error-quark, 13)
2025-06-20T23:55:23.053662-04:00 lab tracker-miner-fs-3[33068]: (tracker-extract-3:33068): GLib-GIO-WARNING **: 23:55:23.053: Error creating IO channel for /proc/self/mountinfo: Argumento inválido (g-io-error-quark, 13)
2025-06-21T00:04:18.854940-04:00 lab google-chrome.desktop[18168]: [18161:18161:0621/000418.854040:ERROR:chrome/browser/ui/webui/new_tab_page/new_tab_page_handler.cc:1353] NewTabPage loaded into a non-browser-tab context
2025-06-21T00:04:25.041647-04:00 lab microsoft-edge.desktop[38970]: libva error: /usr/lib/x86_64-linux-gnu/dri/iHD_drv_video.so init failed
2025-06-21T00:04:26.132446-04:00 lab microsoft-edge.desktop[38970]: [38963:38963:0621/000426.131949:ERROR:CONSOLE:51] "Uncaught TypeError: Cannot read properties of undefined (reading 'importerType')", source: edge://welcome-edge/bundle.js (51)
2025-06-21T00:04:51.332267-04:00 lab microsoft-edge.desktop[38970]: [38963:38963:0621/000451.331722:ERROR:CONSOLE:0] "Unchecked runtime.lastError: Pref ntp.feed_type does not exist", source: edge://welcome-edge/ (0)
2025-06-21T00:05:01.902807-04:00 lab microsoft-edge.desktop[38970]: [39034:39034:0621/000501.901629:ERROR:ui/gl/gl_surface_presentation_helper.cc:260] GetVSyncParametersIfAvailable() failed for 1 times!
2025-06-21T00:05:01.947081-04:00 lab microsoft-edge.desktop[38970]: [39034:39034:0621/000501.905263:ERROR:ui/gl/gl_surface_presentation_helper.cc:260] GetVSyncParametersIfAvailable() failed for 2 times!
2025-06-21T00:05:01.947161-04:00 lab microsoft-edge.desktop[38970]: [39034:39034:0621/000501.907759:ERROR:ui/gl/gl_surface_presentation_helper.cc:260] GetVSyncParametersIfAvailable() failed for 3 times!
2025-06-21T00:05:23.790606-04:00 lab microsoft-edge.desktop[38970]: [38963:38963:0621/000523.790148:ERROR:mojo/public/cpp/bindings/lib/interface_endpoint_client.cc:732] Message 0 rejected by interface blink.mojom.WidgetHost
2025-06-21T00:07:25.243960-04:00 lab microsoft-edge.desktop[38970]: [44798:44798:0621/000725.243778:ERROR:services/on_device_model/ml/edge_onnxruntime_genai/oga_utils.cc:99] Edge LLM: Error getting component directory
2025-06-21T00:07:25.244118-04:00 lab microsoft-edge.desktop[38970]: [44798:44798:0621/000725.243881:ERROR:services/on_device_model/edge_presandbox_init.cc:19] Edge LLM Pre sandbox error: Error getting component directory
2025-06-21T00:08:19.927636-04:00 lab tracker-miner-fs-3[45946]: (tracker-extract-3:45946): GLib-GIO-WARNING **: 00:08:19.927: Error creating IO channel for /proc/self/mountinfo: Argumento inválido (g-io-error-quark, 13)
2025-06-21T00:10:09.427509-04:00 lab tracker-miner-fs-3[50572]: (tracker-extract-3:50572): GLib-GIO-WARNING **: 00:10:09.426: Error creating IO channel for /proc/self/mountinfo: Argumento inválido (g-io-error-quark, 13)
2025-06-21T00:23:36.960619-04:00 lab google-chrome.desktop[60201]: libva error: /usr/lib/x86_64-linux-gnu/dri/iHD_drv_video.so init failed
2025-06-21T00:23:56.326828-04:00 lab google-chrome.desktop[60201]: [60252:60259:0621/002356.326141:ERROR:net/socket/ssl_client_socket_impl.cc:878] handshake failed; returned -1, SSL error code 1, net_error -107
2025-06-21T00:23:56.339180-04:00 lab google-chrome.desktop[60201]: [60252:60259:0621/002356.339042:ERROR:net/socket/ssl_client_socket_impl.cc:878] handshake failed; returned -1, SSL error code 1, net_error -100
2025-06-21T00:24:04.320414-04:00 lab google-chrome.desktop[60201]: [60248:60248:0621/002404.319642:ERROR:ui/gl/gl_surface_presentation_helper.cc:260] GetVSyncParametersIfAvailable() failed for 1 times!
2025-06-21T00:24:04.326541-04:00 lab google-chrome.desktop[60201]: [60248:60248:0621/002404.326182:ERROR:ui/gl/gl_surface_presentation_helper.cc:260] GetVSyncParametersIfAvailable() failed for 2 times!
2025-06-21T00:24:04.724185-04:00 lab google-chrome.desktop[60201]: [60252:60259:0621/002404.723913:ERROR:net/socket/ssl_client_socket_impl.cc:878] handshake failed; returned -1, SSL error code 1, net_error -107
2025-06-21T00:24:16.498379-04:00 lab google-chrome.desktop[60201]: [60252:60259:0621/002416.497462:ERROR:net/socket/ssl_client_socket_impl.cc:878] handshake failed; returned -1, SSL error code 1, net_error -100
2025-06-21T00:24:59.514900-04:00 lab google-chrome.desktop[60201]: [60248:60248:0621/002459.513909:ERROR:ui/gl/gl_surface_presentation_helper.cc:260] GetVSyncParametersIfAvailable() failed for 3 times!
2025-06-21T00:31:17.970753-04:00 lab tracker-miner-fs-3[70695]: (tracker-extract-3:70695): GLib-GIO-WARNING **: 00:31:17.970: Error creating IO channel for /proc/self/mountinfo: Argumento inválido (g-io-error-quark, 13)
2025-06-21T00:34:20.997205-04:00 lab tracker-miner-fs-3[72122]: (tracker-extract-3:72122): GLib-GIO-WARNING **: 00:34:20.996: Error creating IO channel for /proc/self/mountinfo: Argumento inválido (g-io-error-quark, 13)
2025-06-21T00:41:35.714838-04:00 lab tracker-miner-fs-3[84746]: (tracker-extract-3:84746): GLib-GIO-WARNING **: 00:41:35.714: Error creating IO channel for /proc/self/mountinfo: Argumento inválido (g-io-error-quark, 13)
2025-06-21T00:42:57.092564-04:00 lab dockerd[1590]: time="2025-06-21T00:42:57.092314807-04:00" level=warning msg="ShouldRestart failed, container will not be restarted" container=a8fa765fa2e0b2e943cdd8340e08adab51b3d7370895125b5314e8ba74953be7 daemonShuttingDown=false error="restart canceled" execDuration=1h56m56.144680603s exitStatus="{0 2025-06-21 04:42:57.006280702 +0000 UTC}" hasBeenManuallyStopped=true restartCount=0
2025-06-21T00:42:59.163038-04:00 lab dockerd[1590]: time="2025-06-21T00:42:58.235233449-04:00" level=error msg="copy stream failed" error="reading from a closed fifo" stream=stdout
2025-06-21T00:42:59.163182-04:00 lab dockerd[1590]: time="2025-06-21T00:42:58.235279822-04:00" level=error msg="copy stream failed" error="reading from a closed fifo" stream=stderr
2025-06-21T00:42:59.163411-04:00 lab dockerd[1590]: time="2025-06-21T00:42:58.247686483-04:00" level=warning msg="Health check for container 34fc92283755fdcf373ae2aff46b61fdb0c90546cf7bcc92f152d9b9ac01a916 error: OCI runtime exec failed: exec failed: unable to start container process: error writing config to pipe: write init-p: broken pipe: unknown"
2025-06-21T00:43:01.377606-04:00 lab dockerd[1590]: time="2025-06-21T00:43:01.377441753-04:00" level=warning msg="ShouldRestart failed, container will not be restarted" container=0201cec73166338817ff7a51db7a022137f595149ac9fc81457a16c7312fbccd daemonShuttingDown=false error="restart canceled" execDuration=1h57m0.48771364s exitStatus="{0 2025-06-21 04:43:01.349998617 +0000 UTC}" hasBeenManuallyStopped=true restartCount=0
2025-06-21T00:45:31.538811-04:00 lab dockerd[1590]: time="2025-06-21T00:45:31.538716850-04:00" level=info msg="stopping event stream following graceful shutdown" error="<nil>" module=libcontainerd namespace=moby
2025-06-21T00:45:49.185541-04:00 lab gitlab-runner[69182]: #033[0;33mWARNING: Graceful shutdown not finished properly. To gracefully clean up running plugins please use SIGQUIT (ctrl-\) instead of SIGINT (ctrl-c)#033[0;m  #033[0;33mbuilds#033[0;m=0 #033[0;33merror#033[0;m=received stop signal: terminated #033[0;33mmax_builds#033[0;m=1
2025-06-21T00:48:39.615899-04:00 lab systemd[1]: Stopped apport-autoreport.timer - Process error reports when automatic reporting is enabled (timer based).
2025-06-21T10:38:55.935155-04:00 lab systemd[1]: Started apport-autoreport.path - Process error reports when automatic reporting is enabled (file watch).
2025-06-21T10:38:55.935178-04:00 lab systemd[1]: Started apport-autoreport.timer - Process error reports when automatic reporting is enabled (timer based).
2025-06-21T10:38:55.935396-04:00 lab kernel: RAS: Correctable Errors collector initialized.
2025-06-21T10:38:55.935854-04:00 lab kernel: i915 0000:00:02.0: [drm] *ERROR* Stolen reserved area [mem 0xdf900000-0xdf9fffff] outside stolen memory [mem 0x9fa00000-0xc19fffff]
2025-06-21T10:39:24.321005-04:00 lab containerd[1413]: time="2025-06-21T10:39:24.320909032-04:00" level=info msg="skip loading plugin \"io.containerd.snapshotter.v1.aufs\"..." error="aufs is not supported (modprobe aufs failed: exit status 1 \"modprobe: FATAL: Module aufs not found in directory /lib/modules/6.11.0-26-generic\\n\"): skip plugin" type=io.containerd.snapshotter.v1
2025-06-21T10:39:24.374964-04:00 lab containerd[1413]: time="2025-06-21T10:39:24.374864695-04:00" level=info msg="skip loading plugin \"io.containerd.snapshotter.v1.blockfile\"..." error="no scratch file generator: skip plugin" type=io.containerd.snapshotter.v1
2025-06-21T10:39:24.375480-04:00 lab containerd[1413]: time="2025-06-21T10:39:24.375403123-04:00" level=info msg="skip loading plugin \"io.containerd.snapshotter.v1.btrfs\"..." error="path /var/lib/containerd/io.containerd.snapshotter.v1.btrfs (ext4) must be a btrfs filesystem to be used with the btrfs snapshotter: skip plugin" type=io.containerd.snapshotter.v1
2025-06-21T10:39:24.375667-04:00 lab containerd[1413]: time="2025-06-21T10:39:24.375479045-04:00" level=info msg="skip loading plugin \"io.containerd.snapshotter.v1.devmapper\"..." error="devmapper not configured: skip plugin" type=io.containerd.snapshotter.v1
2025-06-21T10:39:24.441742-04:00 lab containerd[1413]: time="2025-06-21T10:39:24.441593463-04:00" level=info msg="skip loading plugin \"io.containerd.snapshotter.v1.zfs\"..." error="path /var/lib/containerd/io.containerd.snapshotter.v1.zfs must be a zfs filesystem to be used with the zfs snapshotter: skip plugin" type=io.containerd.snapshotter.v1
2025-06-21T10:39:25.636535-04:00 lab containerd[1413]: time="2025-06-21T10:39:25.636277464-04:00" level=info msg="skip loading plugin \"io.containerd.tracing.processor.v1.otlp\"..." error="skip plugin: tracing endpoint not configured" type=io.containerd.tracing.processor.v1
2025-06-21T10:39:25.636709-04:00 lab containerd[1413]: time="2025-06-21T10:39:25.636385239-04:00" level=info msg="skip loading plugin \"io.containerd.internal.v1.tracing\"..." error="skip plugin: tracing endpoint not configured" type=io.containerd.internal.v1
2025-06-21T10:39:41.181339-04:00 lab pipewire[1661]: mod.jackdbus-detect: Failed to receive jackdbus reply: org.freedesktop.DBus.Error.ServiceUnknown: The name org.jackaudio.service was not provided by any .service files
2025-06-21T10:39:46.032025-04:00 lab gnome-session[1693]: gnome-session-binary[1693]: WARNING: Could not check if unit gnome-session-wayland@gnome-login.target is active: Error al llamar StartSereviceByName para org.freedesktop.systemd1: Process org.freedesktop.systemd1 exited with status 1
2025-06-21T10:39:46.032207-04:00 lab gnome-session-binary[1693]: WARNING: Could not check if unit gnome-session-wayland@gnome-login.target is active: Error al llamar StartSereviceByName para org.freedesktop.systemd1: Process org.freedesktop.systemd1 exited with status 1
2025-06-21T10:39:49.167361-04:00 lab wireplumber[1664]: Failed to get percentage from UPower: org.freedesktop.DBus.Error.NameHasNoOwner
2025-06-21T10:40:06.574932-04:00 lab dockerd[1635]: time="2025-06-21T10:40:06.574026843-04:00" level=warning msg="Error (Unable to complete atomic operation, key modified) deleting object [endpoint_count 1bcb719a7f227bdabbf8d325effbba69e467acaec3fe953b9e9ff70e6f0b9e9b], retrying...."
2025-06-21T10:40:08.957639-04:00 lab dockerd[1635]: time="2025-06-21T10:40:08.957420924-04:00" level=warning msg="CDI setup error /var/run/cdi: failed to monitor for changes: no such file or directory"
2025-06-21T10:40:08.957808-04:00 lab dockerd[1635]: time="2025-06-21T10:40:08.957519568-04:00" level=warning msg="CDI setup error /etc/cdi: failed to monitor for changes: no such file or directory"
2025-06-21T10:40:42.208322-04:00 lab gnome-shell[1798]: Error looking up permission: GDBus.Error:org.freedesktop.portal.Error.NotFound: No entry for geolocation
2025-06-21T10:40:42.583271-04:00 lab gsd-sharing[2201]: Failed to StopUnit service: GDBus.Error:org.freedesktop.DBus.Error.Spawn.ChildExited: Process org.freedesktop.systemd1 exited with status 1
2025-06-21T10:40:42.583413-04:00 lab gsd-sharing[2201]: Failed to StopUnit service: GDBus.Error:org.freedesktop.DBus.Error.Spawn.ChildExited: Process org.freedesktop.systemd1 exited with status 1
2025-06-21T10:40:44.787200-04:00 lab org.gnome.Shell.desktop[2388]: Errors from xkbcomp are not fatal to the X server
2025-06-21T10:40:46.446022-04:00 lab org.gnome.Shell.desktop[2426]: Errors from xkbcomp are not fatal to the X server
2025-06-21T10:41:08.842738-04:00 lab pipewire[2618]: mod.jackdbus-detect: Failed to receive jackdbus reply: org.freedesktop.DBus.Error.ServiceUnknown: The name org.jackaudio.service was not provided by any .service files
2025-06-21T10:41:26.426784-04:00 lab user-session-migration[2852]: Exited with an error
2025-06-21T10:41:27.827069-04:00 lab gnome-session[2882]: gnome-session-binary[2882]: GnomeDesktop-WARNING: Could not create transient scope for PID 2897: GDBus.Error:org.freedesktop.DBus.Error.UnixProcessIdUnknown: Process with ID 2897 does not exist.
2025-06-21T10:41:27.827190-04:00 lab gnome-session-binary[2882]: GnomeDesktop-WARNING: Could not create transient scope for PID 2897: GDBus.Error:org.freedesktop.DBus.Error.UnixProcessIdUnknown: Process with ID 2897 does not exist.
2025-06-21T10:41:32.183319-04:00 lab at-spi2-registr[2985]: Failed to register client: GDBus.Error:org.gnome.SessionManager.AlreadyRegistered: Unable to register client
2025-06-21T10:41:36.494664-04:00 lab gnome-shell[2920]: Error looking up permission: GDBus.Error:org.freedesktop.portal.Error.NotFound: No entry for geolocation
2025-06-21T10:42:21.868680-04:00 lab tracker-miner-fs-3[4813]: (tracker-extract-3:4813): GLib-GIO-WARNING **: 10:42:21.868: Error creating IO channel for /proc/self/mountinfo: Argumento inválido (g-io-error-quark, 13)
2025-06-21T10:43:03.688145-04:00 lab grafana[1488]: logger=migrator t=2025-06-21T10:43:03.687698923-04:00 level=info msg="Executing migration" id="add snapshot error_string column"
2025-06-21T10:43:03.701695-04:00 lab grafana[1488]: logger=migrator t=2025-06-21T10:43:03.701580644-04:00 level=info msg="Migration successfully executed" id="add snapshot error_string column" duration=13.880317ms
2025-06-21T10:43:04.308721-04:00 lab grafana[1488]: logger=migrator t=2025-06-21T10:43:04.308602221-04:00 level=info msg="Executing migration" id="add cloud_migration_resource.error_code column"
2025-06-21T10:43:04.322455-04:00 lab grafana[1488]: logger=migrator t=2025-06-21T10:43:04.322344249-04:00 level=info msg="Migration successfully executed" id="add cloud_migration_resource.error_code column" duration=13.739476ms
2025-06-21T10:43:08.854122-04:00 lab grafana[1488]: logger=renderer.manager t=2025-06-21T10:43:08.853687773-04:00 level=error msg="Failed to get renderer plugin sources" error="failed to open plugins path"
2025-06-21T10:43:11.512082-04:00 lab grafana[1488]: logger=plugin.sources t=2025-06-21T10:43:11.511928036-04:00 level=error msg="Failed to load external plugins" error="failed to open plugins path"
2025-06-21T10:43:11.956357-04:00 lab grafana[1488]: logger=plugins.registration t=2025-06-21T10:43:11.955937387-04:00 level=error msg="Could not register plugin" pluginId=table error="plugin table is already registered"
2025-06-21T10:43:11.956470-04:00 lab grafana[1488]: logger=plugins.initialization t=2025-06-21T10:43:11.956024004-04:00 level=error msg="Could not initialize plugin" pluginId=table error="plugin table is already registered"
2025-06-21T10:43:12.771576-04:00 lab grafana[1488]: logger=renderer.manager t=2025-06-21T10:43:12.771425988-04:00 level=error msg="Failed to get renderer plugin sources" error="failed to open plugins path"
2025-06-21T10:44:31.221357-04:00 lab snapd-desktop-integration.snapd-desktop-integration[3438]: Error 10; status-code=500 kind=(null) message=request canceled
2025-06-21T10:58:12.140092-04:00 lab grafana[1488]: logger=sqlstore.transactions t=2025-06-21T10:58:12.139353938-04:00 level=info msg="Database locked, sleeping then retrying" error="database is locked" retry=0
2025-06-21T11:33:08.987029-04:00 lab gnome-shell[6483]: Errors from xkbcomp are not fatal to the X server
2025-06-21T11:33:09.000533-04:00 lab gnome-shell[6486]: Errors from xkbcomp are not fatal to the X server
2025-06-21T11:33:17.697759-04:00 lab google-chrome.desktop[6451]: libva error: /usr/lib/x86_64-linux-gnu/dri/iHD_drv_video.so init failed
2025-06-21T11:33:32.631347-04:00 lab google-chrome.desktop[6451]: [6548:6548:0621/113332.566340:ERROR:ui/gl/gl_surface_presentation_helper.cc:260] GetVSyncParametersIfAvailable() failed for 1 times!
2025-06-21T11:38:34.518877-04:00 lab systemd[1]: Starting apport-autoreport.service - Process error reports when automatic reporting is enabled...
2025-06-21T11:38:34.712439-04:00 lab systemd[1]: Finished apport-autoreport.service - Process error reports when automatic reporting is enabled.
2025-06-21T12:02:33.892214-04:00 lab google-chrome.desktop[12309]: libva error: /usr/lib/x86_64-linux-gnu/dri/iHD_drv_video.so init failed
2025-06-21T12:02:57.707184-04:00 lab google-chrome.desktop[12309]: [12356:12356:0621/120257.706541:ERROR:ui/gl/gl_surface_presentation_helper.cc:260] GetVSyncParametersIfAvailable() failed for 1 times!
2025-06-21T12:03:03.858415-04:00 lab google-chrome.desktop[12309]: [12356:12356:0621/120303.857794:ERROR:ui/gl/gl_surface_presentation_helper.cc:260] GetVSyncParametersIfAvailable() failed for 2 times!
2025-06-21T12:03:18.684775-04:00 lab google-chrome.desktop[12309]: [12356:12356:0621/120318.683796:ERROR:ui/gl/gl_surface_presentation_helper.cc:260] GetVSyncParametersIfAvailable() failed for 3 times!
2025-06-21T12:03:36.780925-04:00 lab tracker-miner-fs-3[12687]: (tracker-extract-3:12687): GLib-GIO-WARNING **: 12:03:36.780: Error creating IO channel for /proc/self/mountinfo: Argumento inválido (g-io-error-quark, 13)
2025-06-21T12:03:58.481455-04:00 lab tracker-miner-fs-3[12733]: (tracker-extract-3:12733): GLib-GIO-WARNING **: 12:03:58.480: Error creating IO channel for /proc/self/mountinfo: Argumento inválido (g-io-error-quark, 13)
2025-06-21T12:04:09.240691-04:00 lab tracker-miner-fs-3[12748]: (tracker-extract-3:12748): GLib-GIO-WARNING **: 12:04:09.240: Error creating IO channel for /proc/self/mountinfo: Argumento inválido (g-io-error-quark, 13)
2025-06-21T12:04:23.112421-04:00 lab tracker-miner-fs-3[12761]: (tracker-extract-3:12761): GLib-GIO-WARNING **: 12:04:23.112: Error creating IO channel for /proc/self/mountinfo: Argumento inválido (g-io-error-quark, 13)
2025-06-21T12:11:18.977389-04:00 lab google-chrome.desktop[12309]: Fontconfig error: Cannot load default config file: No such file: (null)
2025-06-21T13:19:25.405656-04:00 lab google-chrome.desktop[12309]: [12358:12366:0621/131925.404698:ERROR:net/socket/ssl_client_socket_impl.cc:878] handshake failed; returned -1, SSL error code 1, net_error -100
2025-06-21T13:19:25.416690-04:00 lab google-chrome.desktop[12309]: [12358:12366:0621/131925.416531:ERROR:net/socket/ssl_client_socket_impl.cc:878] handshake failed; returned -1, SSL error code 1, net_error -107
2025-06-21T13:19:26.271280-04:00 lab google-chrome.desktop[12309]: [12358:12366:0621/131926.271184:ERROR:services/network/p2p/socket_manager.cc:147] Failed to resolve address for use1-turn.fpjs.io., errorcode: -105
2025-06-21T13:19:33.697728-04:00 lab google-chrome.desktop[12309]: [12358:12366:0621/131933.696976:ERROR:net/socket/ssl_client_socket_impl.cc:878] handshake failed; returned -1, SSL error code 1, net_error -107
2025-06-21T13:19:47.283689-04:00 lab google-chrome.desktop[12309]: [12358:12366:0621/131947.282862:ERROR:net/socket/ssl_client_socket_impl.cc:878] handshake failed; returned -1, SSL error code 1, net_error -100
2025-06-21T14:38:54.527990-04:00 lab systemd[1]: Starting apport-autoreport.service - Process error reports when automatic reporting is enabled...
2025-06-21T14:38:54.697990-04:00 lab systemd[1]: Finished apport-autoreport.service - Process error reports when automatic reporting is enabled.
2025-06-21T15:09:34.823406-04:00 lab systemd[1]: Stopped apport-autoreport.timer - Process error reports when automatic reporting is enabled (timer based).
2025-06-21T15:09:34.860573-04:00 lab gitlab-runner[1397]: #033[0;33mWARNING: Graceful shutdown not finished properly. To gracefully clean up running plugins please use SIGQUIT (ctrl-\) instead of SIGINT (ctrl-c)#033[0;m  #033[0;33mbuilds#033[0;m=0 #033[0;33merror#033[0;m=received stop signal: terminated #033[0;33mmax_builds#033[0;m=1
2025-06-21T15:09:34.874869-04:00 lab dockerd[1635]: time="2025-06-21T15:09:34.866381678-04:00" level=info msg="stopping event stream following graceful shutdown" error="<nil>" module=libcontainerd namespace=moby
2025-06-21T15:09:34.878831-04:00 lab dockerd[1635]: time="2025-06-21T15:09:34.874471716-04:00" level=info msg="stopping event stream following graceful shutdown" error="context canceled" module=libcontainerd namespace=plugins.moby
2025-06-21T15:09:34.880036-04:00 lab snapd-desktop-integration.snapd-desktop-integration[3438]: Error 10; status-code=500 kind=(null) message=request canceled
2025-06-21T18:01:56.941919-04:00 lab systemd[1]: Started apport-autoreport.path - Process error reports when automatic reporting is enabled (file watch).
2025-06-21T18:01:56.941973-04:00 lab systemd[1]: Started apport-autoreport.timer - Process error reports when automatic reporting is enabled (timer based).
2025-06-21T18:01:56.942821-04:00 lab kernel: RAS: Correctable Errors collector initialized.
2025-06-21T18:01:56.943552-04:00 lab kernel: i915 0000:00:02.0: [drm] *ERROR* Stolen reserved area [mem 0xdf900000-0xdf9fffff] outside stolen memory [mem 0x9fa00000-0xc19fffff]
2025-06-21T18:02:25.383416-04:00 lab containerd[1536]: time="2025-06-21T18:02:25.383331231-04:00" level=info msg="skip loading plugin \"io.containerd.snapshotter.v1.aufs\"..." error="aufs is not supported (modprobe aufs failed: exit status 1 \"modprobe: FATAL: Module aufs not found in directory /lib/modules/6.11.0-26-generic\\n\"): skip plugin" type=io.containerd.snapshotter.v1
2025-06-21T18:02:25.507042-04:00 lab containerd[1536]: time="2025-06-21T18:02:25.506955468-04:00" level=info msg="skip loading plugin \"io.containerd.snapshotter.v1.blockfile\"..." error="no scratch file generator: skip plugin" type=io.containerd.snapshotter.v1
2025-06-21T18:02:25.507411-04:00 lab containerd[1536]: time="2025-06-21T18:02:25.507362643-04:00" level=info msg="skip loading plugin \"io.containerd.snapshotter.v1.btrfs\"..." error="path /var/lib/containerd/io.containerd.snapshotter.v1.btrfs (ext4) must be a btrfs filesystem to be used with the btrfs snapshotter: skip plugin" type=io.containerd.snapshotter.v1
2025-06-21T18:02:25.507548-04:00 lab containerd[1536]: time="2025-06-21T18:02:25.507424104-04:00" level=info msg="skip loading plugin \"io.containerd.snapshotter.v1.devmapper\"..." error="devmapper not configured: skip plugin" type=io.containerd.snapshotter.v1
2025-06-21T18:02:25.621857-04:00 lab containerd[1536]: time="2025-06-21T18:02:25.621771814-04:00" level=info msg="skip loading plugin \"io.containerd.snapshotter.v1.zfs\"..." error="path /var/lib/containerd/io.containerd.snapshotter.v1.zfs must be a zfs filesystem to be used with the zfs snapshotter: skip plugin" type=io.containerd.snapshotter.v1
2025-06-21T18:02:26.312628-04:00 lab containerd[1536]: time="2025-06-21T18:02:26.312306178-04:00" level=info msg="skip loading plugin \"io.containerd.tracing.processor.v1.otlp\"..." error="skip plugin: tracing endpoint not configured" type=io.containerd.tracing.processor.v1
2025-06-21T18:02:26.312776-04:00 lab containerd[1536]: time="2025-06-21T18:02:26.312397208-04:00" level=info msg="skip loading plugin \"io.containerd.internal.v1.tracing\"..." error="skip plugin: tracing endpoint not configured" type=io.containerd.internal.v1
2025-06-21T18:02:37.110732-04:00 lab pipewire[1794]: mod.jackdbus-detect: Failed to receive jackdbus reply: org.freedesktop.DBus.Error.ServiceUnknown: The name org.jackaudio.service was not provided by any .service files
2025-06-21T18:02:41.968077-04:00 lab gnome-session[1836]: gnome-session-binary[1836]: WARNING: Could not check if unit gnome-session-wayland@gnome-login.target is active: Error al llamar StartSereviceByName para org.freedesktop.systemd1: Process org.freedesktop.systemd1 exited with status 1
2025-06-21T18:02:41.968228-04:00 lab gnome-session-binary[1836]: WARNING: Could not check if unit gnome-session-wayland@gnome-login.target is active: Error al llamar StartSereviceByName para org.freedesktop.systemd1: Process org.freedesktop.systemd1 exited with status 1
2025-06-21T18:02:44.415573-04:00 lab wireplumber[1797]: Failed to get percentage from UPower: org.freedesktop.DBus.Error.NameHasNoOwner
2025-06-21T18:03:05.805609-04:00 lab dockerd[1781]: time="2025-06-21T18:03:05.804783986-04:00" level=warning msg="Error (Unable to complete atomic operation, key modified) deleting object [endpoint_count 033410192ff670070c44f5e0327b4e8f5b699408bff22fccc03188f16a4ff65f], retrying...."
2025-06-21T18:03:07.949061-04:00 lab dockerd[1781]: time="2025-06-21T18:03:07.948844285-04:00" level=warning msg="CDI setup error /etc/cdi: failed to monitor for changes: no such file or directory"
2025-06-21T18:03:07.949184-04:00 lab dockerd[1781]: time="2025-06-21T18:03:07.948897632-04:00" level=warning msg="CDI setup error /var/run/cdi: failed to monitor for changes: no such file or directory"
2025-06-21T18:03:32.770922-04:00 lab gsd-sharing[2310]: Failed to StopUnit service: GDBus.Error:org.freedesktop.DBus.Error.Spawn.ChildExited: Process org.freedesktop.systemd1 exited with status 1
2025-06-21T18:03:32.771061-04:00 lab gsd-sharing[2310]: Failed to StopUnit service: GDBus.Error:org.freedesktop.DBus.Error.Spawn.ChildExited: Process org.freedesktop.systemd1 exited with status 1
2025-06-21T18:03:33.550705-04:00 lab gnome-shell[1914]: Error looking up permission: GDBus.Error:org.freedesktop.portal.Error.NotFound: No entry for geolocation
2025-06-21T18:03:34.619828-04:00 lab org.gnome.Shell.desktop[2506]: Errors from xkbcomp are not fatal to the X server
2025-06-21T18:03:35.369049-04:00 lab org.gnome.Shell.desktop[2533]: Errors from xkbcomp are not fatal to the X server
2025-06-21T18:03:38.178393-04:00 lab grafana[1617]: logger=plugins.registration t=2025-06-21T18:03:38.177791855-04:00 level=error msg="Could not register plugin" pluginId=table error="plugin table is already registered"
2025-06-21T18:03:38.178622-04:00 lab grafana[1617]: logger=plugins.initialization t=2025-06-21T18:03:38.177885529-04:00 level=error msg="Could not initialize plugin" pluginId=table error="plugin table is already registered"
2025-06-21T18:03:52.625955-04:00 lab pipewire[2628]: mod.jackdbus-detect: Failed to receive jackdbus reply: org.freedesktop.DBus.Error.ServiceUnknown: The name org.jackaudio.service was not provided by any .service files
2025-06-21T18:04:01.946611-04:00 lab user-session-migration[2902]: Exited with an error
2025-06-21T18:04:02.723444-04:00 lab gnome-session[2930]: gnome-session-binary[2930]: GnomeDesktop-WARNING: Could not create transient scope for PID 2945: GDBus.Error:org.freedesktop.DBus.Error.UnixProcessIdUnknown: Failed to set unit properties: No such process
2025-06-21T18:04:02.723774-04:00 lab gnome-session-binary[2930]: GnomeDesktop-WARNING: Could not create transient scope for PID 2945: GDBus.Error:org.freedesktop.DBus.Error.UnixProcessIdUnknown: Failed to set unit properties: No such process
2025-06-21T18:04:05.505815-04:00 lab gnome-session[2930]: gnome-session-binary[2930]: GnomeDesktop-WARNING: Could not create transient scope for PID 3105: GDBus.Error:org.freedesktop.DBus.Error.UnixProcessIdUnknown: Failed to set unit properties: No such process
2025-06-21T18:04:05.506577-04:00 lab gnome-session-binary[2930]: GnomeDesktop-WARNING: Could not create transient scope for PID 3105: GDBus.Error:org.freedesktop.DBus.Error.UnixProcessIdUnknown: Failed to set unit properties: No such process
2025-06-21T18:04:05.514165-04:00 lab at-spi2-registr[3043]: Failed to register client: GDBus.Error:org.gnome.SessionManager.AlreadyRegistered: Unable to register client
2025-06-21T18:04:08.442684-04:00 lab gnome-shell[2974]: Error looking up permission: GDBus.Error:org.freedesktop.portal.Error.NotFound: No entry for geolocation
2025-06-21T18:04:13.269057-04:00 lab gnome-shell[1914]: JS ERROR: Gio.IOErrorEnum: Xwayland exited unexpectedly#012@resource:///org/gnome/shell/ui/init.js:21:20
2025-06-21T18:04:13.276509-04:00 lab gsd-smartcard[2328]: Error releasing name org.gnome.SettingsDaemon.Smartcard: La conexión está cerrada
2025-06-21T18:04:13.277384-04:00 lab gsd-screensaver[2337]: Error releasing name org.freedesktop.ScreenSaver: La conexión está cerrada
2025-06-21T18:04:27.739862-04:00 lab tracker-miner-fs-3[3871]: (tracker-extract-3:3871): GLib-GIO-WARNING **: 18:04:27.739: Error creating IO channel for /proc/self/mountinfo: Argumento inválido (g-io-error-quark, 13)
2025-06-21T18:05:34.431749-04:00 lab gnome-shell[5095]: Errors from xkbcomp are not fatal to the X server
2025-06-21T18:05:34.449729-04:00 lab gnome-shell[5098]: Errors from xkbcomp are not fatal to the X server
2025-06-21T18:05:46.331641-04:00 lab google-chrome.desktop[5066]: libva error: /usr/lib/x86_64-linux-gnu/dri/iHD_drv_video.so init failed
2025-06-21T18:05:58.758599-04:00 lab google-chrome.desktop[5066]: [5164:5164:0621/180558.729899:ERROR:ui/gl/gl_surface_presentation_helper.cc:260] GetVSyncParametersIfAvailable() failed for 1 times!
2025-06-21T18:05:58.809656-04:00 lab google-chrome.desktop[5066]: [5164:5164:0621/180558.809042:ERROR:ui/gl/gl_surface_presentation_helper.cc:260] GetVSyncParametersIfAvailable() failed for 2 times!
2025-06-21T18:06:00.380836-04:00 lab google-chrome.desktop[5066]: [5172:5181:0621/180600.380253:ERROR:services/network/p2p/socket_manager.cc:147] Failed to resolve address for use1-turn.fpjs.io., errorcode: -105
2025-06-21T18:06:04.139055-04:00 lab google-chrome.desktop[5066]: [5164:5164:0621/180604.138560:ERROR:ui/gl/gl_surface_presentation_helper.cc:260] GetVSyncParametersIfAvailable() failed for 3 times!
2025-06-21T18:21:00.007472-04:00 lab systemd[1]: Stopped apport-autoreport.timer - Process error reports when automatic reporting is enabled (timer based).
2025-06-23T13:13:18.828059-04:00 lab systemd[1]: Started apport-autoreport.path - Process error reports when automatic reporting is enabled (file watch).
2025-06-23T13:13:18.828093-04:00 lab systemd[1]: Started apport-autoreport.timer - Process error reports when automatic reporting is enabled (timer based).
2025-06-23T13:13:18.828193-04:00 lab kernel: RAS: Correctable Errors collector initialized.
2025-06-23T13:13:18.828802-04:00 lab kernel: i915 0000:00:02.0: [drm] *ERROR* Stolen reserved area [mem 0xdf900000-0xdf9fffff] outside stolen memory [mem 0x9fa00000-0xc19fffff]
2025-06-23T13:13:52.899647-04:00 lab containerd[1618]: time="2025-06-23T13:13:52.899529079-04:00" level=info msg="skip loading plugin \"io.containerd.snapshotter.v1.aufs\"..." error="aufs is not supported (modprobe aufs failed: exit status 1 \"modprobe: FATAL: Module aufs not found in directory /lib/modules/6.11.0-26-generic\\n\"): skip plugin" type=io.containerd.snapshotter.v1
2025-06-23T13:13:53.031727-04:00 lab containerd[1618]: time="2025-06-23T13:13:53.031641445-04:00" level=info msg="skip loading plugin \"io.containerd.snapshotter.v1.blockfile\"..." error="no scratch file generator: skip plugin" type=io.containerd.snapshotter.v1
2025-06-23T13:13:53.032285-04:00 lab containerd[1618]: time="2025-06-23T13:13:53.032207980-04:00" level=info msg="skip loading plugin \"io.containerd.snapshotter.v1.btrfs\"..." error="path /var/lib/containerd/io.containerd.snapshotter.v1.btrfs (ext4) must be a btrfs filesystem to be used with the btrfs snapshotter: skip plugin" type=io.containerd.snapshotter.v1
2025-06-23T13:13:53.032486-04:00 lab containerd[1618]: time="2025-06-23T13:13:53.032281931-04:00" level=info msg="skip loading plugin \"io.containerd.snapshotter.v1.devmapper\"..." error="devmapper not configured: skip plugin" type=io.containerd.snapshotter.v1
2025-06-23T13:13:53.075962-04:00 lab containerd[1618]: time="2025-06-23T13:13:53.075870487-04:00" level=info msg="skip loading plugin \"io.containerd.snapshotter.v1.zfs\"..." error="path /var/lib/containerd/io.containerd.snapshotter.v1.zfs must be a zfs filesystem to be used with the zfs snapshotter: skip plugin" type=io.containerd.snapshotter.v1
2025-06-23T13:13:53.962806-04:00 lab containerd[1618]: time="2025-06-23T13:13:53.962529144-04:00" level=info msg="skip loading plugin \"io.containerd.tracing.processor.v1.otlp\"..." error="skip plugin: tracing endpoint not configured" type=io.containerd.tracing.processor.v1
2025-06-23T13:13:53.962987-04:00 lab containerd[1618]: time="2025-06-23T13:13:53.962630517-04:00" level=info msg="skip loading plugin \"io.containerd.internal.v1.tracing\"..." error="skip plugin: tracing endpoint not configured" type=io.containerd.internal.v1
2025-06-23T13:14:04.016949-04:00 lab pipewire[1909]: mod.jackdbus-detect: Failed to receive jackdbus reply: org.freedesktop.DBus.Error.ServiceUnknown: The name org.jackaudio.service was not provided by any .service files
2025-06-23T13:14:08.462359-04:00 lab gnome-session[1959]: gnome-session-binary[1959]: WARNING: Could not check if unit gnome-session-wayland@gnome-login.target is active: Error al llamar StartSereviceByName para org.freedesktop.systemd1: Process org.freedesktop.systemd1 exited with status 1
2025-06-23T13:14:08.462563-04:00 lab gnome-session-binary[1959]: WARNING: Could not check if unit gnome-session-wayland@gnome-login.target is active: Error al llamar StartSereviceByName para org.freedesktop.systemd1: Process org.freedesktop.systemd1 exited with status 1
2025-06-23T13:14:35.827885-04:00 lab dockerd[1895]: time="2025-06-23T13:14:35.827204419-04:00" level=warning msg="Error (Unable to complete atomic operation, key modified) deleting object [endpoint_count 6cf675f042de47b00c68d91921d16cde445967b88e87522ab8fa564a3e26aa5f], retrying...."
2025-06-23T13:14:37.944900-04:00 lab dockerd[1895]: time="2025-06-23T13:14:37.944687663-04:00" level=warning msg="CDI setup error /etc/cdi: failed to monitor for changes: no such file or directory"
2025-06-23T13:14:37.945030-04:00 lab dockerd[1895]: time="2025-06-23T13:14:37.944747230-04:00" level=warning msg="CDI setup error /var/run/cdi: failed to monitor for changes: no such file or directory"
2025-06-23T13:15:04.386349-04:00 lab grafana[1689]: logger=plugins.registration t=2025-06-23T13:15:04.385772254-04:00 level=error msg="Could not register plugin" pluginId=table error="plugin table is already registered"
2025-06-23T13:15:04.386473-04:00 lab grafana[1689]: logger=plugins.initialization t=2025-06-23T13:15:04.385870938-04:00 level=error msg="Could not initialize plugin" pluginId=table error="plugin table is already registered"
2025-06-23T13:15:05.590753-04:00 lab gnome-shell[2063]: Error looking up permission: GDBus.Error:org.freedesktop.portal.Error.NotFound: No entry for geolocation
2025-06-23T13:15:05.614622-04:00 lab gsd-sharing[2473]: Failed to StopUnit service: GDBus.Error:org.freedesktop.DBus.Error.Spawn.ChildExited: Process org.freedesktop.systemd1 exited with status 1
2025-06-23T13:15:05.614763-04:00 lab gsd-sharing[2473]: Failed to StopUnit service: GDBus.Error:org.freedesktop.DBus.Error.Spawn.ChildExited: Process org.freedesktop.systemd1 exited with status 1
2025-06-23T13:15:07.627551-04:00 lab org.gnome.Shell.desktop[2633]: Errors from xkbcomp are not fatal to the X server
2025-06-23T13:15:15.826446-04:00 lab gnome-shell[2063]: Gio.IOErrorEnum: La conexión está cerrada#012#012Stack trace:#012  _promisify/proto[asyncFunc]/</<@resource:///org/gnome/gjs/modules/core/overrides/Gio.js:453:45#012  @resource:///org/gnome/shell/ui/init.js:21:20#012  ### Promise created here: ####012  _setEngine@resource:///org/gnome/shell/misc/ibusManager.js:291:30#012  setEngine@resource:///org/gnome/shell/misc/ibusManager.js:314:24#012  activateInputSource@resource:///org/gnome/shell/ui/status/keyboard.js:525:31#012  _callHandlers@resource:///org/gnome/gjs/modules/core/_signals.js:130:42#012  _emit@resource:///org/gnome/gjs/modules/core/_signals.js:119:10#012  activate@resource:///org/gnome/shell/ui/status/keyboard.js:68:14#012  _inputSourcesChanged@resource:///org/gnome/shell/ui/status/keyboard.js:661:33#012  _ibusReadyCallback@resource:///org/gnome/shell/ui/status/keyboard.js:406:14#012  _callHandlers@resource:///org/gnome/gjs/modules/core/_signals.js:130:42#012  _emit@resource:///org/gnome/gjs/modules/core/_signals.js:119:10#012  _updateReadiness@resource:///org/gnome/shell/misc/ibusManager.js:236:14#012  _initPanelService@resource:///org/gnome/shell/misc/ibusManager.js:223:14#012  async*_onConnected@resource:///org/gnome/shell/misc/ibusManager.js:164:14#012  @resource:///org/gnome/shell/ui/init.js:21:20#012  
2025-06-23T13:15:15.843054-04:00 lab org.gnome.Shell.desktop[2712]: Errors from xkbcomp are not fatal to the X server
2025-06-23T13:15:29.504833-04:00 lab pipewire[2843]: mod.jackdbus-detect: Failed to receive jackdbus reply: org.freedesktop.DBus.Error.ServiceUnknown: The name org.jackaudio.service was not provided by any .service files
2025-06-23T13:15:37.607690-04:00 lab user-session-migration[3074]: Exited with an error
2025-06-23T13:15:38.179219-04:00 lab gnome-session[3100]: gnome-session-binary[3100]: GnomeDesktop-WARNING: Could not create transient scope for PID 3116: GDBus.Error:org.freedesktop.DBus.Error.UnixProcessIdUnknown: Failed to set unit properties: No such process
2025-06-23T13:15:38.179366-04:00 lab gnome-session-binary[3100]: GnomeDesktop-WARNING: Could not create transient scope for PID 3116: GDBus.Error:org.freedesktop.DBus.Error.UnixProcessIdUnknown: Failed to set unit properties: No such process
2025-06-23T13:15:40.792068-04:00 lab gnome-session[3100]: gnome-session-binary[3100]: GnomeDesktop-WARNING: Could not create transient scope for PID 3258: GDBus.Error:org.freedesktop.DBus.Error.UnixProcessIdUnknown: Failed to set unit properties: No such process
2025-06-23T13:15:40.792309-04:00 lab gnome-session-binary[3100]: GnomeDesktop-WARNING: Could not create transient scope for PID 3258: GDBus.Error:org.freedesktop.DBus.Error.UnixProcessIdUnknown: Failed to set unit properties: No such process
2025-06-23T13:15:40.827578-04:00 lab at-spi2-registr[3203]: Failed to register client: GDBus.Error:org.gnome.SessionManager.AlreadyRegistered: Unable to register client
2025-06-23T13:15:43.636431-04:00 lab gnome-shell[3145]: Error looking up permission: GDBus.Error:org.freedesktop.portal.Error.NotFound: No entry for geolocation
2025-06-23T13:15:48.630595-04:00 lab gnome-shell[2063]: JS ERROR: Gio.IOErrorEnum: Xwayland exited unexpectedly#012@resource:///org/gnome/shell/ui/init.js:21:20
2025-06-23T13:15:59.843426-04:00 lab tracker-miner-fs-3[3954]: (tracker-extract-3:3954): GLib-GIO-WARNING **: 13:15:59.839: Error creating IO channel for /proc/self/mountinfo: Argumento inválido (g-io-error-quark, 13)
2025-06-23T13:44:25.997794-04:00 lab gnome-shell[6679]: Errors from xkbcomp are not fatal to the X server
2025-06-23T13:44:26.013246-04:00 lab gnome-shell[6682]: Errors from xkbcomp are not fatal to the X server
2025-06-23T14:13:25.464003-04:00 lab systemd[1]: Starting apport-autoreport.service - Process error reports when automatic reporting is enabled...
2025-06-23T14:13:25.648718-04:00 lab systemd[1]: Finished apport-autoreport.service - Process error reports when automatic reporting is enabled.
2025-06-23T16:23:25.132116-04:00 lab snap-store_snap-store.desktop[9230]: flutter: ERROR error_observer: Provider ratingsModelProvider:RatingsModelProvider#55629(null) failed
2025-06-23T16:23:25.132247-04:00 lab snap-store_snap-store.desktop[9230]: #011GrpcError: gRPC Error (code: 14, codeName: UNAVAILABLE, message: Error connecting: SocketException: Connection refused (OS Error: Connection refused, errno = 111), address = ratings.ubuntu.com, port = 60078, details: null, rawResponse: null, trailers: {})
2025-06-23T16:23:25.132836-04:00 lab snap-store_snap-store.desktop[9230]: flutter: ERROR error_observer: Provider ratingsModelProvider:RatingsModelProvider#5f919(null) failed
2025-06-23T16:23:25.132906-04:00 lab snap-store_snap-store.desktop[9230]: #011GrpcError: gRPC Error (code: 14, codeName: UNAVAILABLE, message: Error connecting: SocketException: Connection refused (OS Error: Connection refused, errno = 111), address = ratings.ubuntu.com, port = 60078, details: null, rawResponse: null, trailers: {})
2025-06-23T16:23:25.133161-04:00 lab snap-store_snap-store.desktop[9230]: flutter: ERROR error_observer: Provider ratingsModelProvider:RatingsModelProvider#bec01(null) failed
2025-06-23T16:23:25.133225-04:00 lab snap-store_snap-store.desktop[9230]: #011GrpcError: gRPC Error (code: 14, codeName: UNAVAILABLE, message: Error connecting: SocketException: Connection refused (OS Error: Connection refused, errno = 111), address = ratings.ubuntu.com, port = 60078, details: null, rawResponse: null, trailers: {})
2025-06-23T16:23:25.133437-04:00 lab snap-store_snap-store.desktop[9230]: flutter: ERROR error_observer: Provider ratingsModelProvider:RatingsModelProvider#02825(null) failed
2025-06-23T16:23:25.133495-04:00 lab snap-store_snap-store.desktop[9230]: #011GrpcError: gRPC Error (code: 14, codeName: UNAVAILABLE, message: Error connecting: SocketException: Connection refused (OS Error: Connection refused, errno = 111), address = ratings.ubuntu.com, port = 60078, details: null, rawResponse: null, trailers: {})
2025-06-23T16:23:25.133680-04:00 lab snap-store_snap-store.desktop[9230]: flutter: ERROR error_observer: Provider ratingsModelProvider:RatingsModelProvider#b2307(null) failed
2025-06-23T16:23:25.133779-04:00 lab snap-store_snap-store.desktop[9230]: #011GrpcError: gRPC Error (code: 14, codeName: UNAVAILABLE, message: Error connecting: SocketException: Connection refused (OS Error: Connection refused, errno = 111), address = ratings.ubuntu.com, port = 60078, details: null, rawResponse: null, trailers: {})
2025-06-23T16:23:25.247034-04:00 lab snap-store_snap-store.desktop[9230]: flutter: ERROR error_observer: Provider ratingsModelProvider:RatingsModelProvider#28604(null) failed
2025-06-23T16:23:25.247170-04:00 lab snap-store_snap-store.desktop[9230]: #011GrpcError: gRPC Error (code: 14, codeName: UNAVAILABLE, message: Error connecting: SocketException: Connection refused (OS Error: Connection refused, errno = 111), address = ratings.ubuntu.com, port = 60090, details: null, rawResponse: null, trailers: {})
2025-06-23T16:23:25.248469-04:00 lab snap-store_snap-store.desktop[9230]: flutter: ERROR error_observer: Provider ratingsModelProvider:RatingsModelProvider#23099(null) failed
2025-06-23T16:23:25.248569-04:00 lab snap-store_snap-store.desktop[9230]: #011GrpcError: gRPC Error (code: 14, codeName: UNAVAILABLE, message: Error connecting: SocketException: Connection refused (OS Error: Connection refused, errno = 111), address = ratings.ubuntu.com, port = 60090, details: null, rawResponse: null, trailers: {})
2025-06-23T16:23:25.248748-04:00 lab snap-store_snap-store.desktop[9230]: flutter: ERROR error_observer: Provider ratingsModelProvider:RatingsModelProvider#b5d0d(null) failed
2025-06-23T16:23:25.248810-04:00 lab snap-store_snap-store.desktop[9230]: #011GrpcError: gRPC Error (code: 14, codeName: UNAVAILABLE, message: Error connecting: SocketException: Connection refused (OS Error: Connection refused, errno = 111), address = ratings.ubuntu.com, port = 60090, details: null, rawResponse: null, trailers: {})
2025-06-23T16:23:25.248995-04:00 lab snap-store_snap-store.desktop[9230]: flutter: ERROR error_observer: Provider ratingsModelProvider:RatingsModelProvider#583a4(null) failed
2025-06-23T16:23:25.249055-04:00 lab snap-store_snap-store.desktop[9230]: #011GrpcError: gRPC Error (code: 14, codeName: UNAVAILABLE, message: Error connecting: SocketException: Connection refused (OS Error: Connection refused, errno = 111), address = ratings.ubuntu.com, port = 60090, details: null, rawResponse: null, trailers: {})
2025-06-23T16:23:25.249479-04:00 lab snap-store_snap-store.desktop[9230]: flutter: ERROR error_observer: Provider ratingsModelProvider:RatingsModelProvider#5614d(null) failed
2025-06-23T16:23:25.249542-04:00 lab snap-store_snap-store.desktop[9230]: #011GrpcError: gRPC Error (code: 14, codeName: UNAVAILABLE, message: Error connecting: SocketException: Connection refused (OS Error: Connection refused, errno = 111), address = ratings.ubuntu.com, port = 60090, details: null, rawResponse: null, trailers: {})
2025-06-23T16:23:25.249589-04:00 lab snap-store_snap-store.desktop[9230]: flutter: ERROR error_observer: Provider ratingsModelProvider:RatingsModelProvider#16731(null) failed
2025-06-23T16:23:25.249653-04:00 lab snap-store_snap-store.desktop[9230]: #011GrpcError: gRPC Error (code: 14, codeName: UNAVAILABLE, message: Error connecting: SocketException: Connection refused (OS Error: Connection refused, errno = 111), address = ratings.ubuntu.com, port = 60090, details: null, rawResponse: null, trailers: {})
2025-06-23T16:23:25.249700-04:00 lab snap-store_snap-store.desktop[9230]: flutter: ERROR error_observer: Provider ratingsModelProvider:RatingsModelProvider#15537(null) failed
2025-06-23T16:23:25.249753-04:00 lab snap-store_snap-store.desktop[9230]: #011GrpcError: gRPC Error (code: 14, codeName: UNAVAILABLE, message: Error connecting: SocketException: Connection refused (OS Error: Connection refused, errno = 111), address = ratings.ubuntu.com, port = 60090, details: null, rawResponse: null, trailers: {})
2025-06-23T16:23:25.433813-04:00 lab snap-store_snap-store.desktop[9230]: flutter: ERROR error_observer: Provider ratingsModelProvider:RatingsModelProvider#3a9b7(null) failed
2025-06-23T16:23:25.433955-04:00 lab snap-store_snap-store.desktop[9230]: #011GrpcError: gRPC Error (code: 14, codeName: UNAVAILABLE, message: Error connecting: SocketException: Connection refused (OS Error: Connection refused, errno = 111), address = ratings.ubuntu.com, port = 60102, details: null, rawResponse: null, trailers: {})
2025-06-23T16:23:25.434612-04:00 lab snap-store_snap-store.desktop[9230]: flutter: ERROR error_observer: Provider ratingsModelProvider:RatingsModelProvider#1c47f(null) failed
2025-06-23T16:23:25.434708-04:00 lab snap-store_snap-store.desktop[9230]: #011GrpcError: gRPC Error (code: 14, codeName: UNAVAILABLE, message: Error connecting: SocketException: Connection refused (OS Error: Connection refused, errno = 111), address = ratings.ubuntu.com, port = 60102, details: null, rawResponse: null, trailers: {})
2025-06-23T16:24:18.135442-04:00 lab notion-desktop[9897]: Theme parsing error: gtk.css:1413:23: 'font-feature-settings' is not a valid property name
2025-06-23T16:24:18.139686-04:00 lab notion-desktop[9897]: Theme parsing error: gtk.css:3286:25: 'font-feature-settings' is not a valid property name
2025-06-23T16:24:18.140863-04:00 lab notion-desktop[9897]: Theme parsing error: gtk.css:3748:23: 'font-feature-settings' is not a valid property name
2025-06-23T16:24:19.673538-04:00 lab notion-desktop[9897]: Theme parsing error: gtk-dark.css:1413:23: 'font-feature-settings' is not a valid property name
2025-06-23T16:24:19.684266-04:00 lab notion-desktop[9897]: Theme parsing error: gtk-dark.css:3286:25: 'font-feature-settings' is not a valid property name
2025-06-23T16:24:19.685504-04:00 lab notion-desktop[9897]: Theme parsing error: gtk-dark.css:3748:23: 'font-feature-settings' is not a valid property name
2025-06-23T16:24:55.651167-04:00 lab notion-desktop[10265]: Theme parsing error: gtk.css:1413:23: 'font-feature-settings' is not a valid property name
2025-06-23T16:24:55.655557-04:00 lab notion-desktop[10265]: Theme parsing error: gtk.css:3286:25: 'font-feature-settings' is not a valid property name
2025-06-23T16:24:55.656781-04:00 lab notion-desktop[10265]: Theme parsing error: gtk.css:3748:23: 'font-feature-settings' is not a valid property name
2025-06-23T16:24:55.877689-04:00 lab notion-desktop[10265]: Theme parsing error: gtk-dark.css:1413:23: 'font-feature-settings' is not a valid property name
2025-06-23T16:24:55.886797-04:00 lab notion-desktop[10265]: Theme parsing error: gtk-dark.css:3286:25: 'font-feature-settings' is not a valid property name
2025-06-23T16:24:55.889553-04:00 lab notion-desktop[10265]: Theme parsing error: gtk-dark.css:3748:23: 'font-feature-settings' is not a valid property name
2025-06-23T16:29:16.212181-04:00 lab google-chrome.desktop[11708]: libva error: /usr/lib/x86_64-linux-gnu/dri/iHD_drv_video.so init failed
2025-06-23T16:29:29.061808-04:00 lab google-chrome.desktop[11708]: [11701:11701:0623/162929.060910:ERROR:mojo/public/cpp/bindings/lib/interface_endpoint_client.cc:732] Message 0 rejected by interface blink.mojom.WidgetHost
2025-06-23T16:29:33.440967-04:00 lab google-chrome.desktop[11708]: [11758:11763:0623/162933.440379:ERROR:services/network/p2p/socket_manager.cc:147] Failed to resolve address for use1-turn.fpjs.io., errorcode: -105
2025-06-23T16:29:37.377627-04:00 lab google-chrome.desktop[11708]: [11758:11763:0623/162937.376853:ERROR:net/socket/ssl_client_socket_impl.cc:878] handshake failed; returned -1, SSL error code 1, net_error -100
2025-06-23T16:29:37.384262-04:00 lab google-chrome.desktop[11708]: [11758:11763:0623/162937.384105:ERROR:net/socket/ssl_client_socket_impl.cc:878] handshake failed; returned -1, SSL error code 1, net_error -100
2025-06-23T16:29:50.987588-04:00 lab google-chrome.desktop[11708]: [11758:11763:0623/162950.986943:ERROR:net/socket/ssl_client_socket_impl.cc:878] handshake failed; returned -1, SSL error code 1, net_error -107
2025-06-23T16:29:52.417582-04:00 lab google-chrome.desktop[11708]: [11753:11753:0623/162952.385941:ERROR:ui/gl/gl_surface_presentation_helper.cc:260] GetVSyncParametersIfAvailable() failed for 1 times!
2025-06-23T16:29:57.535791-04:00 lab google-chrome.desktop[11708]: [11753:11753:0623/162957.534820:ERROR:ui/gl/gl_surface_presentation_helper.cc:260] GetVSyncParametersIfAvailable() failed for 2 times!
2025-06-23T16:29:57.553625-04:00 lab google-chrome.desktop[11708]: [11753:11753:0623/162957.553406:ERROR:ui/gl/gl_surface_presentation_helper.cc:260] GetVSyncParametersIfAvailable() failed for 3 times!
2025-06-23T16:30:01.335081-04:00 lab google-chrome.desktop[11708]: [11758:11763:0623/163001.334506:ERROR:net/socket/ssl_client_socket_impl.cc:878] handshake failed; returned -1, SSL error code 1, net_error -100
2025-06-23T16:31:36.995514-04:00 lab google-chrome.desktop[11708]: [11758:11763:0623/163136.994672:ERROR:net/socket/ssl_client_socket_impl.cc:878] handshake failed; returned -1, SSL error code 1, net_error -101
2025-06-23T16:33:12.226812-04:00 lab tracker-miner-fs-3[12699]: (tracker-extract-3:12699): GLib-GIO-WARNING **: 16:33:12.225: Error creating IO channel for /proc/self/mountinfo: Argumento inválido (g-io-error-quark, 13)
2025-06-23T16:41:28.378463-04:00 lab google-chrome.desktop[11708]: [11701:11729:0623/164128.377953:ERROR:google_apis/gcm/engine/registration_request.cc:291] Registration response error message: DEPRECATED_ENDPOINT
2025-06-23T16:41:56.847991-04:00 lab google-chrome.desktop[11708]: [11701:11729:0623/164156.847304:ERROR:google_apis/gcm/engine/registration_request.cc:291] Registration response error message: DEPRECATED_ENDPOINT
2025-06-23T16:42:42.248848-04:00 lab google-chrome.desktop[11708]: [11701:11729:0623/164242.247986:ERROR:google_apis/gcm/engine/registration_request.cc:291] Registration response error message: DEPRECATED_ENDPOINT
2025-06-23T16:44:40.843673-04:00 lab google-chrome.desktop[11708]: [11701:11729:0623/164440.842873:ERROR:google_apis/gcm/engine/registration_request.cc:291] Registration response error message: DEPRECATED_ENDPOINT
2025-06-23T16:47:23.092359-04:00 lab google-chrome.desktop[11708]: [11701:11729:0623/164723.091599:ERROR:google_apis/gcm/engine/registration_request.cc:291] Registration response error message: DEPRECATED_ENDPOINT
2025-06-23T16:51:34.990466-04:00 lab microsoft-edge.desktop[12993]: libva error: /usr/lib/x86_64-linux-gnu/dri/iHD_drv_video.so init failed
2025-06-23T16:51:56.508463-04:00 lab microsoft-edge.desktop[12993]: [12986:12986:0623/165156.507927:ERROR:mojo/public/cpp/bindings/lib/interface_endpoint_client.cc:732] Message 0 rejected by interface blink.mojom.WidgetHost
2025-06-23T16:52:46.586792-04:00 lab microsoft-edge.desktop[12993]: [13038:13038:0623/165246.585964:ERROR:ui/gl/gl_surface_presentation_helper.cc:260] GetVSyncParametersIfAvailable() failed for 1 times!
2025-06-23T16:52:55.943918-04:00 lab google-chrome.desktop[11708]: [11701:11729:0623/165255.943357:ERROR:google_apis/gcm/engine/registration_request.cc:291] Registration response error message: DEPRECATED_ENDPOINT
2025-06-23T16:53:38.874931-04:00 lab microsoft-edge.desktop[12993]: [13038:13038:0623/165338.874222:ERROR:ui/gl/gl_surface_presentation_helper.cc:260] GetVSyncParametersIfAvailable() failed for 2 times!
2025-06-23T16:53:38.880222-04:00 lab microsoft-edge.desktop[12993]: [13038:13038:0623/165338.879763:ERROR:ui/gl/gl_surface_presentation_helper.cc:260] GetVSyncParametersIfAvailable() failed for 3 times!
2025-06-23T16:54:38.493032-04:00 lab microsoft-edge.desktop[12993]: [13461:13461:0623/165438.492698:ERROR:services/on_device_model/ml/edge_onnxruntime_genai/oga_utils.cc:99] Edge LLM: Error getting component directory
2025-06-23T16:54:38.493233-04:00 lab microsoft-edge.desktop[12993]: [13461:13461:0623/165438.492907:ERROR:services/on_device_model/edge_presandbox_init.cc:19] Edge LLM Pre sandbox error: Error getting component directory
2025-06-23T16:56:59.987312-04:00 lab tracker-miner-fs-3[13584]: (tracker-extract-3:13584): GLib-GIO-WARNING **: 16:56:59.986: Error creating IO channel for /proc/self/mountinfo: Argumento inválido (g-io-error-quark, 13)
2025-06-23T16:59:35.907796-04:00 lab tracker-miner-fs-3[13625]: (tracker-extract-3:13625): GLib-GIO-WARNING **: 16:59:35.907: Error creating IO channel for /proc/self/mountinfo: Argumento inválido (g-io-error-quark, 13)
2025-06-23T17:04:26.984253-04:00 lab code.desktop[13763]: libva error: /usr/lib/x86_64-linux-gnu/dri/iHD_drv_video.so init failed
2025-06-23T17:04:32.750874-04:00 lab code.desktop[13763]: [13763:0623/170432.749932:ERROR:gl_surface_presentation_helper.cc(260)] GetVSyncParametersIfAvailable() failed for 1 times!
2025-06-23T17:04:35.644477-04:00 lab code.desktop[13763]: [13763:0623/170435.643406:ERROR:gl_surface_presentation_helper.cc(260)] GetVSyncParametersIfAvailable() failed for 2 times!
2025-06-23T17:04:40.253543-04:00 lab code.desktop[13763]: [13763:0623/170440.252954:ERROR:shared_image_manager.cc(401)] SharedImageManager::ProduceSkia: Trying to Produce a Skia representation from a non-existent mailbox.
2025-06-23T17:04:40.254230-04:00 lab code.desktop[13763]: [13763:0623/170440.254042:ERROR:shared_image_manager.cc(401)] SharedImageManager::ProduceSkia: Trying to Produce a Skia representation from a non-existent mailbox.
2025-06-23T17:04:40.255108-04:00 lab code.desktop[13763]: [13763:0623/170440.254931:ERROR:shared_image_manager.cc(401)] SharedImageManager::ProduceSkia: Trying to Produce a Skia representation from a non-existent mailbox.
2025-06-23T17:04:40.256050-04:00 lab code.desktop[13763]: [13763:0623/170440.255819:ERROR:shared_image_manager.cc(401)] SharedImageManager::ProduceSkia: Trying to Produce a Skia representation from a non-existent mailbox.
2025-06-23T17:04:40.304302-04:00 lab code.desktop[13763]: [13763:0623/170440.304101:ERROR:shared_image_manager.cc(401)] SharedImageManager::ProduceSkia: Trying to Produce a Skia representation from a non-existent mailbox.
2025-06-23T17:04:40.305483-04:00 lab code.desktop[13763]: [13763:0623/170440.305285:ERROR:shared_image_manager.cc(401)] SharedImageManager::ProduceSkia: Trying to Produce a Skia representation from a non-existent mailbox.
2025-06-23T17:04:40.306539-04:00 lab code.desktop[13763]: [13763:0623/170440.306348:ERROR:shared_image_manager.cc(401)] SharedImageManager::ProduceSkia: Trying to Produce a Skia representation from a non-existent mailbox.
2025-06-23T17:04:40.307390-04:00 lab code.desktop[13763]: [13763:0623/170440.307160:ERROR:shared_image_manager.cc(401)] SharedImageManager::ProduceSkia: Trying to Produce a Skia representation from a non-existent mailbox.
2025-06-23T17:04:40.308633-04:00 lab code.desktop[13763]: [13763:0623/170440.308463:ERROR:shared_image_manager.cc(401)] SharedImageManager::ProduceSkia: Trying to Produce a Skia representation from a non-existent mailbox.
2025-06-23T17:04:56.008027-04:00 lab code.desktop[13763]: [13763:0623/170456.006908:ERROR:gl_surface_presentation_helper.cc(260)] GetVSyncParametersIfAvailable() failed for 3 times!
2025-06-23T17:11:17.206710-04:00 lab code.desktop[13723]: [13723:0623/171117.206211:ERROR:atom_cache.cc(231)] Add WM_CHANGE_STATE to kAtomsToCache
2025-06-23T17:13:31.453052-04:00 lab systemd[1]: Starting apport-autoreport.service - Process error reports when automatic reporting is enabled...
2025-06-23T17:13:31.652370-04:00 lab systemd[1]: Finished apport-autoreport.service - Process error reports when automatic reporting is enabled.
2025-06-23T17:37:32.482647-04:00 lab gnome-shell[3145]: JS ERROR: TypeError: this.actor is null#012_syncEnabled@resource:///org/gnome/shell/ui/windowManager.js:145:25#012onStopped@resource:///org/gnome/shell/ui/windowManager.js:157:35#012_makeEaseCallback/<@resource:///org/gnome/shell/ui/environment.js:65:22#012_easeActorProperty/<@resource:///org/gnome/shell/ui/environment.js:247:60#012_destroyWindowDone@resource:///org/gnome/shell/ui/windowManager.js:1607:21#012onStopped@resource:///org/gnome/shell/ui/windowManager.js:1575:39#012_makeEaseCallback/<@resource:///org/gnome/shell/ui/environment.js:65:22#012_easeActor/<@resource:///org/gnome/shell/ui/environment.js:160:64#012@resource:///org/gnome/shell/ui/init.js:21:20
2025-06-23T17:52:31.195048-04:00 lab tracker-miner-fs-3[15676]: (tracker-extract-3:15676): GLib-GIO-WARNING **: 17:52:31.194: Error creating IO channel for /proc/self/mountinfo: Argumento inválido (g-io-error-quark, 13)
2025-06-23T17:58:43.703534-04:00 lab opera_opera.desktop[16375]: libva error: /snap/opera/382/gnome-platform/usr/lib/x86_64-linux-gnu/dri/iHD_drv_video.so init failed
2025-06-23T17:58:46.801730-04:00 lab opera_opera.desktop[16136]: [16136:16336:0623/175846.801184:ERROR:partner_bookmarks_utils.cc(268)] Unable to read partner speeddials file.
2025-06-23T17:58:52.121900-04:00 lab opera_opera.desktop[16610]: Fontconfig error: Cannot load default config file: No such file: (null)
2025-06-23T17:58:56.343571-04:00 lab opera_opera.desktop[16136]: [16136:16136:0623/175856.343211:ERROR:CONSOLE(0)] "Uncaught (in promise) Error: No tab with id: 2077333199.", source: chrome://startpage/ (0)
2025-06-23T18:02:18.119898-04:00 lab opera_opera.desktop[16136]: [16136:16136:0623/180218.118630:ERROR:CONSOLE(2)] "TypeError: Failed to fetch", source: chrome://startpage/main.js (2)
2025-06-23T18:34:12.226598-04:00 lab opera_opera.desktop[16136]: [16136:16136:0623/183412.226043:ERROR:CONSOLE(503)] "Uncaught (in promise) Error", source: chrome-extension://ebongfbmlegepmkkdjlnlmdcmckedlal/touch_communication.js (503)
2025-06-23T18:34:12.325557-04:00 lab opera_opera.desktop[16136]: [16136:16136:0623/183412.228422:ERROR:CONSOLE(503)] "Uncaught (in promise) Error", source: chrome-extension://ebongfbmlegepmkkdjlnlmdcmckedlal/touch_communication.js (503)
2025-06-23T18:34:12.325642-04:00 lab opera_opera.desktop[16136]: [16136:16136:0623/183412.228724:ERROR:CONSOLE(503)] "Uncaught (in promise) Error", source: chrome-extension://ebongfbmlegepmkkdjlnlmdcmckedlal/touch_communication.js (503)
2025-06-23T18:36:47.574751-04:00 lab tracker-miner-fs-3[17611]: (tracker-extract-3:17611): GLib-GIO-WARNING **: 18:36:47.574: Error creating IO channel for /proc/self/mountinfo: Argumento inválido (g-io-error-quark, 13)
2025-06-23T19:41:27.619543-04:00 lab tracker-miner-fs-3[18148]: (tracker-extract-3:18148): GLib-GIO-WARNING **: 19:41:27.619: Error creating IO channel for /proc/self/mountinfo: Argumento inválido (g-io-error-quark, 13)
2025-06-23T19:42:15.100326-04:00 lab tracker-miner-fs-3[18268]: (tracker-extract-3:18268): GLib-GIO-WARNING **: 19:42:15.099: Error creating IO channel for /proc/self/mountinfo: Argumento inválido (g-io-error-quark, 13)
2025-06-23T19:42:59.545842-04:00 lab tracker-miner-fs-3[18306]: (tracker-extract-3:18306): GLib-GIO-WARNING **: 19:42:59.545: Error creating IO channel for /proc/self/mountinfo: Argumento inválido (g-io-error-quark, 13)
2025-06-23T19:53:34.588660-04:00 lab tracker-miner-fs-3[18877]: (tracker-extract-3:18877): GLib-GIO-WARNING **: 19:53:34.588: Error creating IO channel for /proc/self/mountinfo: Argumento inválido (g-io-error-quark, 13)
2025-06-23T19:54:54.161091-04:00 lab microsoft-edge.desktop[12993]: [12986:12986:0623/195454.160479:ERROR:ui/gfx/x/atom_cache.cc:233] Add chromium/from-privileged to kAtomsToCache
2025-06-23T19:56:11.797887-04:00 lab tracker-miner-fs-3[18986]: (tracker-extract-3:18986): GLib-GIO-WARNING **: 19:56:11.797: Error creating IO channel for /proc/self/mountinfo: Argumento inválido (g-io-error-quark, 13)
2025-06-23T19:58:53.898199-04:00 lab tracker-miner-fs-3[19911]: (tracker-extract-3:19911): GLib-GIO-WARNING **: 19:58:53.897: Error creating IO channel for /proc/self/mountinfo: Argumento inválido (g-io-error-quark, 13)
2025-06-23T19:58:58.864953-04:00 lab google-chrome.desktop[11708]: [11758:11763:0623/195858.864202:ERROR:net/socket/ssl_client_socket_impl.cc:878] handshake failed; returned -1, SSL error code 1, net_error -100
2025-06-23T19:58:58.871373-04:00 lab google-chrome.desktop[11708]: [11758:11763:0623/195858.871194:ERROR:net/socket/ssl_client_socket_impl.cc:878] handshake failed; returned -1, SSL error code 1, net_error -100
2025-06-23T19:59:10.379370-04:00 lab tracker-miner-fs-3[20123]: (tracker-extract-3:20123): GLib-GIO-WARNING **: 19:59:10.378: Error creating IO channel for /proc/self/mountinfo: Argumento inválido (g-io-error-quark, 13)
2025-06-23T19:59:12.996728-04:00 lab google-chrome.desktop[11708]: [11758:11763:0623/195912.995995:ERROR:net/socket/ssl_client_socket_impl.cc:878] handshake failed; returned -1, SSL error code 1, net_error -107
2025-06-23T19:59:22.791744-04:00 lab tracker-miner-fs-3[21145]: (tracker-extract-3:21145): GLib-GIO-WARNING **: 19:59:22.791: Error creating IO channel for /proc/self/mountinfo: Argumento inválido (g-io-error-quark, 13)
2025-06-23T19:59:27.158018-04:00 lab google-chrome.desktop[11708]: [11758:11763:0623/195927.157412:ERROR:net/socket/ssl_client_socket_impl.cc:878] handshake failed; returned -1, SSL error code 1, net_error -107
2025-06-23T19:59:35.689586-04:00 lab tracker-miner-fs-3[21459]: (tracker-extract-3:21459): GLib-GIO-WARNING **: 19:59:35.688: Error creating IO channel for /proc/self/mountinfo: Argumento inválido (g-io-error-quark, 13)
2025-06-23T20:13:34.967007-04:00 lab systemd[1]: Starting apport-autoreport.service - Process error reports when automatic reporting is enabled...
2025-06-23T20:13:35.141241-04:00 lab systemd[1]: Finished apport-autoreport.service - Process error reports when automatic reporting is enabled.
2025-06-23T20:55:05.012810-04:00 lab tracker-miner-fs-3[24348]: (tracker-extract-3:24348): GLib-GIO-WARNING **: 20:55:05.012: Error creating IO channel for /proc/self/mountinfo: Argumento inválido (g-io-error-quark, 13)
2025-06-23T21:56:59.410544-04:00 lab microsoft-edge.desktop[12993]: [12986:12986:0623/215659.409922:ERROR:CONSOLE:1] "Failed to fetch icon: devtools://devtools/bundled/Images/edge-run_command.svg
2025-06-23T21:56:59.471712-04:00 lab microsoft-edge.desktop[12993]: TypeError: Failed to fetch", source: devtools://devtools/bundled/panels/edge_welcome/edge_welcome.js (1)
2025-06-23T23:13:35.976917-04:00 lab systemd[1]: Starting apport-autoreport.service - Process error reports when automatic reporting is enabled...
2025-06-23T23:13:36.339087-04:00 lab systemd[1]: Finished apport-autoreport.service - Process error reports when automatic reporting is enabled.
2025-06-23T23:21:34.443648-04:00 lab tracker-miner-fs-3[31033]: (tracker-extract-3:31033): GLib-GIO-WARNING **: 23:21:34.443: Error creating IO channel for /proc/self/mountinfo: Argumento inválido (g-io-error-quark, 13)
2025-06-24T00:36:19.880633-04:00 lab tracker-miner-fs-3[33248]: (tracker-extract-3:33248): GLib-GIO-WARNING **: 00:36:19.880: Error creating IO channel for /proc/self/mountinfo: Argumento inválido (g-io-error-quark, 13)
2025-06-24T00:41:15.234596-04:00 lab tracker-miner-fs-3[34561]: (tracker-extract-3:34561): GLib-GIO-WARNING **: 00:41:15.233: Error creating IO channel for /proc/self/mountinfo: Argumento inválido (g-io-error-quark, 13)
2025-06-24T01:04:19.298192-04:00 lab dockerd[1895]: time="2025-06-24T01:04:19.298087306-04:00" level=info msg="stopping event stream following graceful shutdown" error="<nil>" module=libcontainerd namespace=moby
2025-06-24T01:05:29.428300-04:00 lab tracker-miner-fs-3[40529]: (tracker-extract-3:40529): GLib-GIO-WARNING **: 01:05:29.427: Error creating IO channel for /proc/self/mountinfo: Argumento inválido (g-io-error-quark, 13)
2025-06-24T01:06:34.353482-04:00 lab dockerd[40591]: time="2025-06-24T01:06:34.352788697-04:00" level=warning msg="Error (Unable to complete atomic operation, key modified) deleting object [endpoint_count 80d02e7df32448266447ff814628191240569fa016b3b3f03d1fa066f956ba55], retrying...."
2025-06-24T01:06:35.158258-04:00 lab dockerd[40591]: time="2025-06-24T01:06:35.158175597-04:00" level=warning msg="CDI setup error /etc/cdi: failed to monitor for changes: no such file or directory"
2025-06-24T01:06:35.158334-04:00 lab dockerd[40591]: time="2025-06-24T01:06:35.158209016-04:00" level=warning msg="CDI setup error /var/run/cdi: failed to monitor for changes: no such file or directory"
2025-06-24T01:15:15.600415-04:00 lab tracker-miner-fs-3[41367]: (tracker-extract-3:41367): GLib-GIO-WARNING **: 01:15:15.599: Error creating IO channel for /proc/self/mountinfo: Argumento inválido (g-io-error-quark, 13)
2025-06-24T01:15:26.297023-04:00 lab tracker-miner-fs-3[41391]: (tracker-extract-3:41391): GLib-GIO-WARNING **: 01:15:26.296: Error creating IO channel for /proc/self/mountinfo: Argumento inválido (g-io-error-quark, 13)
2025-06-24T01:15:41.989163-04:00 lab tracker-miner-fs-3[41429]: (tracker-extract-3:41429): GLib-GIO-WARNING **: 01:15:41.988: Error creating IO channel for /proc/self/mountinfo: Argumento inválido (g-io-error-quark, 13)
2025-06-24T02:13:43.214018-04:00 lab systemd[1]: Starting apport-autoreport.service - Process error reports when automatic reporting is enabled...
2025-06-24T02:13:43.792688-04:00 lab systemd[1]: Finished apport-autoreport.service - Process error reports when automatic reporting is enabled.
2025-06-24T02:39:31.637351-04:00 lab microsoft-edge.desktop[12993]: [13121:1:0624/023931.636749:ERROR:components/edge_picture_in_picture/content/renderer/video_hover_overlay_agent.cc:49] Connection to VideoHoverOverlayDriver dropped
2025-06-24T02:40:12.952649-04:00 lab systemd[1]: Stopped apport-autoreport.timer - Process error reports when automatic reporting is enabled (timer based).
2025-06-24T02:40:13.011999-04:00 lab gitlab-runner[1603]: #033[0;33mWARNING: Graceful shutdown not finished properly. To gracefully clean up running plugins please use SIGQUIT (ctrl-\) instead of SIGINT (ctrl-c)#033[0;m  #033[0;33mbuilds#033[0;m=0 #033[0;33merror#033[0;m=received stop signal: terminated #033[0;33mmax_builds#033[0;m=1
2025-06-24T02:40:13.033695-04:00 lab gdm3: Gdm: Failed to list cached users: GDBus.Error:org.freedesktop.DBus.Error.ServiceUnknown: The name :1.8 was not provided by any .service files
2025-06-24T10:11:55.890923-04:00 lab kernel: RAS: Correctable Errors collector initialized.
2025-06-24T10:11:55.890935-04:00 lab systemd[1]: Started apport-autoreport.path - Process error reports when automatic reporting is enabled (file watch).
2025-06-24T10:11:55.890963-04:00 lab systemd[1]: Started apport-autoreport.timer - Process error reports when automatic reporting is enabled (timer based).
2025-06-24T10:11:55.891387-04:00 lab kernel: i915 0000:00:02.0: [drm] *ERROR* Stolen reserved area [mem 0xdf900000-0xdf9fffff] outside stolen memory [mem 0x9fa00000-0xc19fffff]
2025-06-24T10:12:04.449720-04:00 lab networkd-dispatcher[1225]: ERROR:Unknown state for interface NetworkctlListState(idx=1, name='lo', type='loopback', operational='-', administrative='unmanaged'): -
2025-06-24T10:12:04.450440-04:00 lab networkd-dispatcher[1225]: ERROR:Unknown state for interface NetworkctlListState(idx=2, name='enp2s0', type='ether', operational='-', administrative='unmanaged'): -
2025-06-24T10:12:18.231214-04:00 lab snapd[1230]: stateengine.go:161: state ensure error: Get "https://api.snapcraft.io/api/v1/snaps/sections": dial tcp: lookup api.snapcraft.io: device or resource busy
2025-06-24T10:12:24.213608-04:00 lab containerd[1561]: time="2025-06-24T10:12:24.213480068-04:00" level=info msg="skip loading plugin \"io.containerd.snapshotter.v1.aufs\"..." error="aufs is not supported (modprobe aufs failed: exit status 1 \"modprobe: FATAL: Module aufs not found in directory /lib/modules/6.11.0-26-generic\\n\"): skip plugin" type=io.containerd.snapshotter.v1
2025-06-24T10:12:24.243857-04:00 lab containerd[1561]: time="2025-06-24T10:12:24.243769488-04:00" level=info msg="skip loading plugin \"io.containerd.snapshotter.v1.blockfile\"..." error="no scratch file generator: skip plugin" type=io.containerd.snapshotter.v1
2025-06-24T10:12:24.244334-04:00 lab containerd[1561]: time="2025-06-24T10:12:24.244263144-04:00" level=info msg="skip loading plugin \"io.containerd.snapshotter.v1.btrfs\"..." error="path /var/lib/containerd/io.containerd.snapshotter.v1.btrfs (ext4) must be a btrfs filesystem to be used with the btrfs snapshotter: skip plugin" type=io.containerd.snapshotter.v1
2025-06-24T10:12:24.244478-04:00 lab containerd[1561]: time="2025-06-24T10:12:24.244335002-04:00" level=info msg="skip loading plugin \"io.containerd.snapshotter.v1.devmapper\"..." error="devmapper not configured: skip plugin" type=io.containerd.snapshotter.v1
2025-06-24T10:12:25.225655-04:00 lab containerd[1561]: time="2025-06-24T10:12:25.225196417-04:00" level=info msg="skip loading plugin \"io.containerd.snapshotter.v1.zfs\"..." error="path /var/lib/containerd/io.containerd.snapshotter.v1.zfs must be a zfs filesystem to be used with the zfs snapshotter: skip plugin" type=io.containerd.snapshotter.v1
2025-06-24T10:12:25.913160-04:00 lab containerd[1561]: time="2025-06-24T10:12:25.912951833-04:00" level=info msg="skip loading plugin \"io.containerd.tracing.processor.v1.otlp\"..." error="skip plugin: tracing endpoint not configured" type=io.containerd.tracing.processor.v1
2025-06-24T10:12:25.913322-04:00 lab containerd[1561]: time="2025-06-24T10:12:25.913047497-04:00" level=info msg="skip loading plugin \"io.containerd.internal.v1.tracing\"..." error="skip plugin: tracing endpoint not configured" type=io.containerd.internal.v1
2025-06-24T10:12:32.629014-04:00 lab pipewire[1885]: mod.jackdbus-detect: Failed to receive jackdbus reply: org.freedesktop.DBus.Error.ServiceUnknown: The name org.jackaudio.service was not provided by any .service files
2025-06-24T10:12:37.907899-04:00 lab gnome-session[1961]: gnome-session-binary[1961]: WARNING: Could not check if unit gnome-session-wayland@gnome-login.target is active: Error al llamar StartSereviceByName para org.freedesktop.systemd1: Process org.freedesktop.systemd1 exited with status 1
2025-06-24T10:12:37.908086-04:00 lab gnome-session-binary[1961]: WARNING: Could not check if unit gnome-session-wayland@gnome-login.target is active: Error al llamar StartSereviceByName para org.freedesktop.systemd1: Process org.freedesktop.systemd1 exited with status 1
2025-06-24T10:12:44.667126-04:00 lab wireplumber[1903]: Failed to get percentage from UPower: org.freedesktop.DBus.Error.NameHasNoOwner
2025-06-24T10:13:09.376466-04:00 lab dockerd[1918]: time="2025-06-24T10:13:09.375761396-04:00" level=warning msg="Error (Unable to complete atomic operation, key modified) deleting object [endpoint_count f66ce80b88e7c10c95ea41b463fcb50e7f195ab0be5beadb42d705d419732728], retrying...."
2025-06-24T10:13:12.181738-04:00 lab dockerd[1918]: time="2025-06-24T10:13:12.181531108-04:00" level=warning msg="CDI setup error /var/run/cdi: failed to monitor for changes: no such file or directory"
2025-06-24T10:13:12.181900-04:00 lab dockerd[1918]: time="2025-06-24T10:13:12.181608093-04:00" level=warning msg="CDI setup error /etc/cdi: failed to monitor for changes: no such file or directory"
2025-06-24T10:13:37.708606-04:00 lab gsd-sharing[2714]: Failed to StopUnit service: GDBus.Error:org.freedesktop.DBus.Error.Spawn.ChildExited: Process org.freedesktop.systemd1 exited with status 1
2025-06-24T10:13:37.708785-04:00 lab gsd-sharing[2714]: Failed to StopUnit service: GDBus.Error:org.freedesktop.DBus.Error.Spawn.ChildExited: Process org.freedesktop.systemd1 exited with status 1
2025-06-24T10:13:37.919458-04:00 lab gnome-shell[2284]: Error looking up permission: GDBus.Error:org.freedesktop.portal.Error.NotFound: No entry for geolocation
2025-06-24T10:13:39.427780-04:00 lab org.gnome.Shell.desktop[2862]: Errors from xkbcomp are not fatal to the X server
2025-06-24T10:13:40.126028-04:00 lab org.gnome.Shell.desktop[2927]: Errors from xkbcomp are not fatal to the X server
2025-06-24T10:13:42.705160-04:00 lab grafana[1756]: logger=plugins.registration t=2025-06-24T10:13:42.704273189-04:00 level=error msg="Could not register plugin" pluginId=table error="plugin table is already registered"
2025-06-24T10:13:42.724754-04:00 lab grafana[1756]: logger=plugins.initialization t=2025-06-24T10:13:42.704385179-04:00 level=error msg="Could not initialize plugin" pluginId=table error="plugin table is already registered"
2025-06-24T10:14:04.693268-04:00 lab pipewire[3081]: mod.jackdbus-detect: Failed to receive jackdbus reply: org.freedesktop.DBus.Error.ServiceUnknown: The name org.jackaudio.service was not provided by any .service files
2025-06-24T10:14:13.627956-04:00 lab user-session-migration[3312]: Exited with an error
2025-06-24T10:14:14.129079-04:00 lab gnome-session[3339]: gnome-session-binary[3339]: GnomeDesktop-WARNING: Could not create transient scope for PID 3355: GDBus.Error:org.freedesktop.DBus.Error.UnixProcessIdUnknown: Failed to set unit properties: No such process
2025-06-24T10:14:14.129343-04:00 lab gnome-session-binary[3339]: GnomeDesktop-WARNING: Could not create transient scope for PID 3355: GDBus.Error:org.freedesktop.DBus.Error.UnixProcessIdUnknown: Failed to set unit properties: No such process
2025-06-24T10:14:17.727939-04:00 lab gnome-session-binary[3339]: GnomeDesktop-WARNING: Could not create transient scope for PID 3527: GDBus.Error:org.freedesktop.DBus.Error.UnixProcessIdUnknown: Failed to set unit properties: No such process
2025-06-24T10:14:17.728006-04:00 lab gnome-session[3339]: gnome-session-binary[3339]: GnomeDesktop-WARNING: Could not create transient scope for PID 3527: GDBus.Error:org.freedesktop.DBus.Error.UnixProcessIdUnknown: Failed to set unit properties: No such process
2025-06-24T10:14:17.752672-04:00 lab at-spi2-registr[3455]: Failed to register client: GDBus.Error:org.gnome.SessionManager.AlreadyRegistered: Unable to register client
2025-06-24T10:14:19.676880-04:00 lab gnome-shell[3375]: Error looking up permission: GDBus.Error:org.freedesktop.portal.Error.NotFound: No entry for geolocation
2025-06-24T10:14:25.554812-04:00 lab gnome-shell[2284]: JS ERROR: Gio.IOErrorEnum: Xwayland exited unexpectedly#012@resource:///org/gnome/shell/ui/init.js:21:20
2025-06-24T10:14:38.808600-04:00 lab tracker-miner-fs-3[4215]: (tracker-extract-3:4215): GLib-GIO-WARNING **: 10:14:38.808: Error creating IO channel for /proc/self/mountinfo: Argumento inválido (g-io-error-quark, 13)
2025-06-24T11:11:51.571053-04:00 lab systemd[1]: Starting apport-autoreport.service - Process error reports when automatic reporting is enabled...
2025-06-24T11:11:51.756763-04:00 lab systemd[1]: Finished apport-autoreport.service - Process error reports when automatic reporting is enabled.
2025-06-24T11:31:27.581128-04:00 lab firefox_firefox.desktop[7524]: libva error: /snap/firefox/6316/gnome-platform/usr/lib/x86_64-linux-gnu/dri/iHD_drv_video.so init failed
2025-06-24T11:39:00.622011-04:00 lab gnome-shell[8963]: Errors from xkbcomp are not fatal to the X server
2025-06-24T11:39:00.636697-04:00 lab gnome-shell[8966]: Errors from xkbcomp are not fatal to the X server
2025-06-24T11:39:02.063713-04:00 lab opera_opera.desktop[9039]: libva error: /snap/opera/383/gnome-platform/usr/lib/x86_64-linux-gnu/dri/iHD_drv_video.so init failed
2025-06-24T11:39:04.745035-04:00 lab opera_opera.desktop[8792]: [8792:8792:0624/113904.744620:ERROR:CONSOLE(0)] "Uncaught (in promise) Error: No tab with id: 2077333268.", source: chrome://startpage/ (0)
2025-06-24T11:39:13.934677-04:00 lab opera_opera.desktop[9039]: [9039:9039:0624/113913.934095:ERROR:gl_surface_presentation_helper.cc(260)] GetVSyncParametersIfAvailable() failed for 1 times!
2025-06-24T11:39:15.798822-04:00 lab opera_opera.desktop[8792]: [8792:8792:0624/113915.798541:ERROR:CONSOLE(503)] "Uncaught (in promise) Error", source: chrome-extension://ebongfbmlegepmkkdjlnlmdcmckedlal/touch_communication.js (503)
2025-06-24T11:39:28.979383-04:00 lab opera_opera.desktop[9039]: [9039:9039:0624/113928.978702:ERROR:gl_surface_presentation_helper.cc(260)] GetVSyncParametersIfAvailable() failed for 2 times!
2025-06-24T11:39:28.981707-04:00 lab opera_opera.desktop[9039]: [9039:9039:0624/113928.981309:ERROR:gl_surface_presentation_helper.cc(260)] GetVSyncParametersIfAvailable() failed for 3 times!
2025-06-24T11:40:17.582824-04:00 lab opera_opera.desktop[8792]: [8792:8955:0624/114017.541239:ERROR:bus.cc(572)] Failed to get the ownership of org.mpris.MediaPlayer2.chromium.instance8792: Connection ":1.138" is not allowed to own the service "org.mpris.MediaPlayer2.chromium.instance8792" due to AppArmor policy
2025-06-24T11:40:36.219520-04:00 lab opera_opera.desktop[8792]: [8792:8953:0624/114036.219028:ERROR:content_hash.cc(255)] Fetching verified_contents.json for extension id: hpkoaoeepbdpmemfkhkdbaapkheemlcd version: 1.3.0 failed with error code -300
2025-06-24T11:40:41.375832-04:00 lab opera_opera.desktop[8792]: [8792:8792:0624/114041.375101:ERROR:CONSOLE(503)] "Uncaught (in promise) Error", source: chrome-extension://ebongfbmlegepmkkdjlnlmdcmckedlal/touch_communication.js (503)
2025-06-24T11:41:09.999287-04:00 lab opera_opera.desktop[8792]: [8792:8792:0624/114109.998719:ERROR:CONSOLE(503)] "Uncaught (in promise) Error", source: chrome-extension://ebongfbmlegepmkkdjlnlmdcmckedlal/touch_communication.js (503)
2025-06-24T11:41:10.006166-04:00 lab opera_opera.desktop[8792]: [8792:8792:0624/114110.005823:ERROR:CONSOLE(503)] "Uncaught (in promise) Error", source: chrome-extension://ebongfbmlegepmkkdjlnlmdcmckedlal/touch_communication.js (503)
2025-06-24T11:41:10.006298-04:00 lab opera_opera.desktop[8792]: [8792:8792:0624/114110.006222:ERROR:CONSOLE(503)] "Uncaught (in promise) Error", source: chrome-extension://ebongfbmlegepmkkdjlnlmdcmckedlal/touch_communication.js (503)
2025-06-24T13:18:45.571322-04:00 lab notion-desktop[12918]: Theme parsing error: gtk.css:1413:23: 'font-feature-settings' is not a valid property name
2025-06-24T13:18:45.577253-04:00 lab notion-desktop[12918]: Theme parsing error: gtk.css:3286:25: 'font-feature-settings' is not a valid property name
2025-06-24T13:18:45.578870-04:00 lab notion-desktop[12918]: Theme parsing error: gtk.css:3748:23: 'font-feature-settings' is not a valid property name
2025-06-24T13:18:48.395304-04:00 lab notion-desktop[12918]: Theme parsing error: gtk-dark.css:1413:23: 'font-feature-settings' is not a valid property name
2025-06-24T13:18:48.399720-04:00 lab notion-desktop[12918]: Theme parsing error: gtk-dark.css:3286:25: 'font-feature-settings' is not a valid property name
2025-06-24T13:18:48.401000-04:00 lab notion-desktop[12918]: Theme parsing error: gtk-dark.css:3748:23: 'font-feature-settings' is not a valid property name
2025-06-24T14:11:53.346020-04:00 lab systemd[1]: Starting apport-autoreport.service - Process error reports when automatic reporting is enabled...
2025-06-24T14:11:53.520126-04:00 lab systemd[1]: Finished apport-autoreport.service - Process error reports when automatic reporting is enabled.
2025-06-24T15:46:58.914673-04:00 lab systemd[1]: Stopped apport-autoreport.timer - Process error reports when automatic reporting is enabled (timer based).
2025-06-24T15:46:58.962321-04:00 lab dockerd[1918]: time="2025-06-24T15:46:58.958102099-04:00" level=info msg="stopping event stream following graceful shutdown" error="<nil>" module=libcontainerd namespace=moby
2025-06-24T15:46:58.967928-04:00 lab gitlab-runner[1544]: #033[0;33mWARNING: Graceful shutdown not finished properly. To gracefully clean up running plugins please use SIGQUIT (ctrl-\) instead of SIGINT (ctrl-c)#033[0;m  #033[0;33mbuilds#033[0;m=0 #033[0;33merror#033[0;m=received stop signal: terminated #033[0;33mmax_builds#033[0;m=1
2025-06-24T15:55:49.138432-04:00 lab systemd[1]: Started apport-autoreport.path - Process error reports when automatic reporting is enabled (file watch).
2025-06-24T15:55:49.138473-04:00 lab systemd[1]: Started apport-autoreport.timer - Process error reports when automatic reporting is enabled (timer based).
2025-06-24T15:55:49.138933-04:00 lab kernel: RAS: Correctable Errors collector initialized.
2025-06-24T15:55:49.139717-04:00 lab kernel: i915 0000:00:02.0: [drm] *ERROR* Stolen reserved area [mem 0xdf900000-0xdf9fffff] outside stolen memory [mem 0x9fa00000-0xc19fffff]
2025-06-24T15:55:57.378514-04:00 lab networkd-dispatcher[1203]: ERROR:Unknown state for interface NetworkctlListState(idx=1, name='lo', type='loopback', operational='-', administrative='unmanaged'): -
2025-06-24T15:55:57.378952-04:00 lab networkd-dispatcher[1203]: ERROR:Unknown state for interface NetworkctlListState(idx=2, name='enp2s0', type='ether', operational='-', administrative='unmanaged'): -
2025-06-24T15:56:16.345644-04:00 lab containerd[1540]: time="2025-06-24T15:56:16.345523326-04:00" level=info msg="skip loading plugin \"io.containerd.snapshotter.v1.aufs\"..." error="aufs is not supported (modprobe aufs failed: exit status 1 \"modprobe: FATAL: Module aufs not found in directory /lib/modules/6.11.0-26-generic\\n\"): skip plugin" type=io.containerd.snapshotter.v1
2025-06-24T15:56:16.722546-04:00 lab containerd[1540]: time="2025-06-24T15:56:16.722334885-04:00" level=info msg="skip loading plugin \"io.containerd.snapshotter.v1.blockfile\"..." error="no scratch file generator: skip plugin" type=io.containerd.snapshotter.v1
2025-06-24T15:56:16.723132-04:00 lab containerd[1540]: time="2025-06-24T15:56:16.723040148-04:00" level=info msg="skip loading plugin \"io.containerd.snapshotter.v1.btrfs\"..." error="path /var/lib/containerd/io.containerd.snapshotter.v1.btrfs (ext4) must be a btrfs filesystem to be used with the btrfs snapshotter: skip plugin" type=io.containerd.snapshotter.v1
2025-06-24T15:56:16.723338-04:00 lab containerd[1540]: time="2025-06-24T15:56:16.723118925-04:00" level=info msg="skip loading plugin \"io.containerd.snapshotter.v1.devmapper\"..." error="devmapper not configured: skip plugin" type=io.containerd.snapshotter.v1
2025-06-24T15:56:16.756471-04:00 lab containerd[1540]: time="2025-06-24T15:56:16.756384836-04:00" level=info msg="skip loading plugin \"io.containerd.snapshotter.v1.zfs\"..." error="path /var/lib/containerd/io.containerd.snapshotter.v1.zfs must be a zfs filesystem to be used with the zfs snapshotter: skip plugin" type=io.containerd.snapshotter.v1
2025-06-24T15:56:17.660977-04:00 lab containerd[1540]: time="2025-06-24T15:56:17.660907740-04:00" level=info msg="skip loading plugin \"io.containerd.tracing.processor.v1.otlp\"..." error="skip plugin: tracing endpoint not configured" type=io.containerd.tracing.processor.v1
2025-06-24T15:56:17.661094-04:00 lab containerd[1540]: time="2025-06-24T15:56:17.660978089-04:00" level=info msg="skip loading plugin \"io.containerd.internal.v1.tracing\"..." error="skip plugin: tracing endpoint not configured" type=io.containerd.internal.v1
2025-06-24T15:56:26.373718-04:00 lab pipewire[1938]: mod.jackdbus-detect: Failed to receive jackdbus reply: org.freedesktop.DBus.Error.ServiceUnknown: The name org.jackaudio.service was not provided by any .service files
2025-06-24T15:56:31.513073-04:00 lab gnome-session[2198]: gnome-session-binary[2198]: WARNING: Could not check if unit gnome-session-wayland@gnome-login.target is active: Error al llamar StartSereviceByName para org.freedesktop.systemd1: Process org.freedesktop.systemd1 exited with status 1
2025-06-24T15:56:31.513263-04:00 lab gnome-session-binary[2198]: WARNING: Could not check if unit gnome-session-wayland@gnome-login.target is active: Error al llamar StartSereviceByName para org.freedesktop.systemd1: Process org.freedesktop.systemd1 exited with status 1
2025-06-24T15:56:36.060936-04:00 lab wireplumber[1941]: Failed to get percentage from UPower: org.freedesktop.DBus.Error.NameHasNoOwner
2025-06-24T15:56:59.010275-04:00 lab dockerd[1848]: time="2025-06-24T15:56:59.009565938-04:00" level=warning msg="Error (Unable to complete atomic operation, key modified) deleting object [endpoint_count f1fc52c818dff2fa908df9abea67aff5210cb3c2bbd6cef45fd3ee41d8756d35], retrying...."
2025-06-24T15:57:01.408637-04:00 lab dockerd[1848]: time="2025-06-24T15:57:01.408371051-04:00" level=warning msg="CDI setup error /etc/cdi: failed to monitor for changes: no such file or directory"
2025-06-24T15:57:01.408784-04:00 lab dockerd[1848]: time="2025-06-24T15:57:01.408444271-04:00" level=warning msg="CDI setup error /var/run/cdi: failed to monitor for changes: no such file or directory"
2025-06-24T15:57:26.962389-04:00 lab gsd-sharing[2687]: Failed to StopUnit service: GDBus.Error:org.freedesktop.DBus.Error.Spawn.ChildExited: Process org.freedesktop.systemd1 exited with status 1
2025-06-24T15:57:26.962679-04:00 lab gsd-sharing[2687]: Failed to StopUnit service: GDBus.Error:org.freedesktop.DBus.Error.Spawn.ChildExited: Process org.freedesktop.systemd1 exited with status 1
2025-06-24T15:57:27.180431-04:00 lab gnome-shell[2265]: Error looking up permission: GDBus.Error:org.freedesktop.portal.Error.NotFound: No entry for geolocation
2025-06-24T15:57:28.808039-04:00 lab org.gnome.Shell.desktop[2877]: Errors from xkbcomp are not fatal to the X server
2025-06-24T15:57:30.703688-04:00 lab grafana[1619]: logger=plugins.registration t=2025-06-24T15:57:30.703080576-04:00 level=error msg="Could not register plugin" pluginId=table error="plugin table is already registered"
2025-06-24T15:57:30.703906-04:00 lab grafana[1619]: logger=plugins.initialization t=2025-06-24T15:57:30.70319341-04:00 level=error msg="Could not initialize plugin" pluginId=table error="plugin table is already registered"
2025-06-24T15:57:37.855777-04:00 lab org.gnome.Shell.desktop[2928]: Errors from xkbcomp are not fatal to the X server
2025-06-24T15:57:47.878760-04:00 lab pipewire[3036]: mod.jackdbus-detect: Failed to receive jackdbus reply: org.freedesktop.DBus.Error.ServiceUnknown: The name org.jackaudio.service was not provided by any .service files
2025-06-24T15:57:57.311902-04:00 lab user-session-migration[3291]: Exited with an error
2025-06-24T15:57:58.495544-04:00 lab gnome-session[3319]: gnome-session-binary[3319]: GnomeDesktop-WARNING: Could not create transient scope for PID 3334: GDBus.Error:org.freedesktop.DBus.Error.UnixProcessIdUnknown: Failed to set unit properties: No such process
2025-06-24T15:57:58.495690-04:00 lab gnome-session-binary[3319]: GnomeDesktop-WARNING: Could not create transient scope for PID 3334: GDBus.Error:org.freedesktop.DBus.Error.UnixProcessIdUnknown: Failed to set unit properties: No such process
2025-06-24T15:58:01.505534-04:00 lab gnome-session[3319]: gnome-session-binary[3319]: GnomeDesktop-WARNING: Could not create transient scope for PID 3486: GDBus.Error:org.freedesktop.DBus.Error.UnixProcessIdUnknown: Failed to set unit properties: No such process
2025-06-24T15:58:01.506099-04:00 lab gnome-session-binary[3319]: GnomeDesktop-WARNING: Could not create transient scope for PID 3486: GDBus.Error:org.freedesktop.DBus.Error.UnixProcessIdUnknown: Failed to set unit properties: No such process
2025-06-24T15:58:01.516456-04:00 lab at-spi2-registr[3432]: Failed to register client: GDBus.Error:org.gnome.SessionManager.AlreadyRegistered: Unable to register client
2025-06-24T15:58:04.221109-04:00 lab gnome-shell[3363]: Error looking up permission: GDBus.Error:org.freedesktop.portal.Error.NotFound: No entry for geolocation
2025-06-24T15:58:21.644061-04:00 lab tracker-miner-fs-3[4200]: (tracker-extract-3:4200): GLib-GIO-WARNING **: 15:58:21.643: Error creating IO channel for /proc/self/mountinfo: Argumento inválido (g-io-error-quark, 13)
2025-06-24T16:55:24.775731-04:00 lab systemd[1]: Starting apport-autoreport.service - Process error reports when automatic reporting is enabled...
2025-06-24T16:55:24.957022-04:00 lab systemd[1]: Finished apport-autoreport.service - Process error reports when automatic reporting is enabled.
2025-06-24T17:14:25.210612-04:00 lab gnome-shell[5702]: Errors from xkbcomp are not fatal to the X server
2025-06-24T17:14:25.227993-04:00 lab gnome-shell[5705]: Errors from xkbcomp are not fatal to the X server
2025-06-24T17:14:33.335476-04:00 lab microsoft-edge.desktop[5672]: libva error: /usr/lib/x86_64-linux-gnu/dri/iHD_drv_video.so init failed
2025-06-24T17:15:03.300944-04:00 lab microsoft-edge.desktop[5672]: [5665:5665:0624/171503.300366:ERROR:mojo/public/cpp/bindings/lib/interface_endpoint_client.cc:732] Message 0 rejected by interface blink.mojom.WidgetHost
2025-06-24T18:17:50.063102-04:00 lab google-chrome.desktop[6662]: libva error: /usr/lib/x86_64-linux-gnu/dri/iHD_drv_video.so init failed
2025-06-24T18:18:04.465247-04:00 lab google-chrome.desktop[6662]: [6655:6683:0624/181804.463638:ERROR:google_apis/gcm/engine/registration_request.cc:291] Registration response error message: DEPRECATED_ENDPOINT
2025-06-24T18:18:28.191204-04:00 lab google-chrome.desktop[6662]: [6655:6683:0624/181828.190694:ERROR:google_apis/gcm/engine/registration_request.cc:291] Registration response error message: DEPRECATED_ENDPOINT
2025-06-24T18:18:39.083130-04:00 lab google-chrome.desktop[6662]: [6706:6706:0624/181839.056232:ERROR:ui/gl/gl_surface_presentation_helper.cc:260] GetVSyncParametersIfAvailable() failed for 1 times!
2025-06-24T18:18:41.452672-04:00 lab google-chrome.desktop[6662]: [6706:6706:0624/181841.450920:ERROR:ui/gl/gl_surface_presentation_helper.cc:260] GetVSyncParametersIfAvailable() failed for 2 times!
2025-06-24T18:18:41.461728-04:00 lab google-chrome.desktop[6662]: [6706:6706:0624/181841.459106:ERROR:ui/gl/gl_surface_presentation_helper.cc:260] GetVSyncParametersIfAvailable() failed for 3 times!
2025-06-24T18:18:43.700022-04:00 lab google-chrome.desktop[6662]: [6976:14:0624/181843.699295:ERROR:third_party/webrtc/pc/sdp_offer_answer.cc:430] A BUNDLE group contains a codec collision for payload_type='111. All codecs must share the same type, encoding name, clock rate and parameters. (INVALID_PARAMETER)
2025-06-24T18:18:46.071850-04:00 lab google-chrome.desktop[6662]: [6976:14:0624/181846.070781:ERROR:third_party/webrtc/pc/sdp_offer_answer.cc:430] A BUNDLE group contains a codec collision for payload_type='111. All codecs must share the same type, encoding name, clock rate and parameters. (INVALID_PARAMETER)
2025-06-24T18:19:09.186273-04:00 lab google-chrome.desktop[6662]: [6655:6683:0624/181909.185792:ERROR:google_apis/gcm/engine/registration_request.cc:291] Registration response error message: DEPRECATED_ENDPOINT
2025-06-24T18:20:59.813515-04:00 lab google-chrome.desktop[6662]: [6655:6683:0624/182059.812308:ERROR:google_apis/gcm/engine/registration_request.cc:291] Registration response error message: DEPRECATED_ENDPOINT
2025-06-24T18:24:26.110104-04:00 lab google-chrome.desktop[6662]: [6655:6683:0624/182426.109256:ERROR:google_apis/gcm/engine/registration_request.cc:291] Registration response error message: DEPRECATED_ENDPOINT
2025-06-24T18:32:02.941747-04:00 lab google-chrome.desktop[6662]: [6655:6683:0624/183202.941007:ERROR:google_apis/gcm/engine/registration_request.cc:291] Registration response error message: DEPRECATED_ENDPOINT
2025-06-24T18:33:07.131918-04:00 lab google-chrome.desktop[6662]: [6976:14:0624/183307.131314:ERROR:third_party/webrtc/pc/sdp_offer_answer.cc:430] A BUNDLE group contains a codec collision for payload_type='111. All codecs must share the same type, encoding name, clock rate and parameters. (INVALID_PARAMETER)
2025-06-24T18:33:09.363580-04:00 lab google-chrome.desktop[6662]: [6976:14:0624/183309.362643:ERROR:third_party/webrtc/pc/sdp_offer_answer.cc:430] A BUNDLE group contains a codec collision for payload_type='111. All codecs must share the same type, encoding name, clock rate and parameters. (INVALID_PARAMETER)
2025-06-24T18:51:51.918095-04:00 lab google-chrome.desktop[6662]: [6976:14:0624/185151.917475:ERROR:third_party/webrtc/pc/sdp_offer_answer.cc:430] A BUNDLE group contains a codec collision for payload_type='111. All codecs must share the same type, encoding name, clock rate and parameters. (INVALID_PARAMETER)
2025-06-24T18:51:54.174646-04:00 lab google-chrome.desktop[6662]: [6976:14:0624/185154.173859:ERROR:third_party/webrtc/pc/sdp_offer_answer.cc:430] A BUNDLE group contains a codec collision for payload_type='111. All codecs must share the same type, encoding name, clock rate and parameters. (INVALID_PARAMETER)
2025-06-24T18:52:38.237790-04:00 lab google-chrome.desktop[6662]: [6976:14:0624/185238.236575:ERROR:third_party/webrtc/pc/sdp_offer_answer.cc:430] A BUNDLE group contains a codec collision for payload_type='111. All codecs must share the same type, encoding name, clock rate and parameters. (INVALID_PARAMETER)
2025-06-24T18:52:40.744440-04:00 lab google-chrome.desktop[6662]: [6976:14:0624/185240.743915:ERROR:third_party/webrtc/pc/sdp_offer_answer.cc:430] A BUNDLE group contains a codec collision for payload_type='111. All codecs must share the same type, encoding name, clock rate and parameters. (INVALID_PARAMETER)
2025-06-24T18:53:15.634794-04:00 lab google-chrome.desktop[6662]: [6976:14:0624/185315.634245:ERROR:third_party/webrtc/pc/sdp_offer_answer.cc:430] A BUNDLE group contains a codec collision for payload_type='111. All codecs must share the same type, encoding name, clock rate and parameters. (INVALID_PARAMETER)
2025-06-24T18:56:09.722643-04:00 lab google-chrome.desktop[6662]: [6976:14:0624/185609.721927:ERROR:third_party/webrtc/pc/sdp_offer_answer.cc:430] A BUNDLE group contains a codec collision for payload_type='111. All codecs must share the same type, encoding name, clock rate and parameters. (INVALID_PARAMETER)
2025-06-24T18:56:09.965027-04:00 lab google-chrome.desktop[6662]: [6976:14:0624/185609.964807:ERROR:third_party/webrtc/pc/sdp_offer_answer.cc:430] A BUNDLE group contains a codec collision for payload_type='111. All codecs must share the same type, encoding name, clock rate and parameters. (INVALID_PARAMETER)
2025-06-24T18:56:09.965657-04:00 lab google-chrome.desktop[6662]: [6976:14:0624/185609.965505:ERROR:third_party/webrtc/pc/sdp_offer_answer.cc:4039] Transceiver not found based on m-line index (INVALID_PARAMETER)
2025-06-24T18:56:30.481788-04:00 lab google-chrome.desktop[6662]: [6976:14:0624/185630.480844:ERROR:third_party/webrtc/pc/sdp_offer_answer.cc:430] A BUNDLE group contains a codec collision for payload_type='111. All codecs must share the same type, encoding name, clock rate and parameters. (INVALID_PARAMETER)
2025-06-24T18:56:30.487923-04:00 lab google-chrome.desktop[6662]: [6976:14:0624/185630.487165:ERROR:third_party/webrtc/pc/sdp_offer_answer.cc:4039] Transceiver not found based on m-line index (INVALID_PARAMETER)
2025-06-24T18:56:48.384695-04:00 lab google-chrome.desktop[6662]: [6976:14:0624/185648.383835:ERROR:third_party/webrtc/pc/sdp_offer_answer.cc:430] A BUNDLE group contains a codec collision for payload_type='111. All codecs must share the same type, encoding name, clock rate and parameters. (INVALID_PARAMETER)
2025-06-24T19:55:30.769922-04:00 lab systemd[1]: Starting apport-autoreport.service - Process error reports when automatic reporting is enabled...
2025-06-24T19:55:30.972305-04:00 lab systemd[1]: Finished apport-autoreport.service - Process error reports when automatic reporting is enabled.
2025-06-24T20:11:55.225373-04:00 lab google-chrome.desktop[6662]: [6976:14:0624/201155.224700:ERROR:third_party/webrtc/pc/sdp_offer_answer.cc:430] A BUNDLE group contains a codec collision for payload_type='111. All codecs must share the same type, encoding name, clock rate and parameters. (INVALID_PARAMETER)
2025-06-24T20:39:44.867714-04:00 lab google-chrome.desktop[6662]: [6655:6655:0624/203944.867297:ERROR:mojo/public/cpp/bindings/lib/interface_endpoint_client.cc:732] Message 0 rejected by interface blink.mojom.WidgetHost
2025-06-24T20:41:34.645319-04:00 lab google-chrome.desktop[6662]: [6655:6655:0624/204134.644781:ERROR:chrome/browser/task_manager/providers/fallback_task_provider.cc:126] Every renderer should have at least one task provided by a primary task provider. If a "Renderer" fallback task is shown, it is a bug. If you have repro steps, please file a new bug and tag it as a dependency of crbug.com/739782.
2025-06-24T20:41:36.528989-04:00 lab google-chrome.desktop[6662]: [6711:6716:0624/204136.528315:ERROR:net/socket/ssl_client_socket_impl.cc:878] handshake failed; returned -1, SSL error code 1, net_error -101
2025-06-24T20:41:36.605659-04:00 lab google-chrome.desktop[6662]: [6711:6716:0624/204136.605437:ERROR:net/socket/ssl_client_socket_impl.cc:878] handshake failed; returned -1, SSL error code 1, net_error -101
2025-06-24T20:42:27.395287-04:00 lab google-chrome.desktop[6662]: [6711:6716:0624/204227.394775:ERROR:net/socket/ssl_client_socket_impl.cc:878] handshake failed; returned -1, SSL error code 1, net_error -100
2025-06-24T20:42:27.467806-04:00 lab google-chrome.desktop[6662]: [6711:6716:0624/204227.466892:ERROR:net/socket/ssl_client_socket_impl.cc:878] handshake failed; returned -1, SSL error code 1, net_error -100
2025-06-24T20:42:58.151190-04:00 lab google-chrome.desktop[6662]: [6711:6716:0624/204258.150750:ERROR:net/socket/ssl_client_socket_impl.cc:878] handshake failed; returned -1, SSL error code 1, net_error -100
2025-06-24T20:42:58.229018-04:00 lab google-chrome.desktop[6662]: [6711:6716:0624/204258.228893:ERROR:net/socket/ssl_client_socket_impl.cc:878] handshake failed; returned -1, SSL error code 1, net_error -101
2025-06-24T20:43:03.231415-04:00 lab google-chrome.desktop[6662]: [6711:6716:0624/204303.230698:ERROR:net/socket/ssl_client_socket_impl.cc:878] handshake failed; returned -1, SSL error code 1, net_error -100
2025-06-24T20:43:03.306578-04:00 lab google-chrome.desktop[6662]: [6711:6716:0624/204303.306395:ERROR:net/socket/ssl_client_socket_impl.cc:878] handshake failed; returned -1, SSL error code 1, net_error -101
2025-06-24T20:49:19.093918-04:00 lab google-chrome.desktop[6662]: [6655:6655:0624/204919.093440:ERROR:mojo/public/cpp/bindings/lib/interface_endpoint_client.cc:732] Message 0 rejected by interface blink.mojom.WidgetHost
2025-06-24T20:50:18.467466-04:00 lab opera_opera.desktop[8636]: [8636:8815:0624/205018.467077:ERROR:content_hash.cc(255)] Fetching verified_contents.json for extension id: hpkoaoeepbdpmemfkhkdbaapkheemlcd version: 1.3.0 failed with error code -300
2025-06-24T20:50:19.087429-04:00 lab opera_opera.desktop[8787]: libva error: /snap/opera/383/gnome-platform/usr/lib/x86_64-linux-gnu/dri/iHD_drv_video.so init failed
2025-06-24T20:50:27.156876-04:00 lab opera_opera.desktop[8787]: [8787:8787:0624/205027.155670:ERROR:gl_surface_presentation_helper.cc(260)] GetVSyncParametersIfAvailable() failed for 1 times!
2025-06-24T20:50:34.511213-04:00 lab opera_opera.desktop[8636]: [8636:8636:0624/205034.510785:ERROR:CONSOLE(503)] "Uncaught (in promise) Error", source: chrome-extension://ebongfbmlegepmkkdjlnlmdcmckedlal/touch_communication.js (503)
2025-06-24T20:50:39.043217-04:00 lab opera_opera.desktop[8787]: [8787:8787:0624/205039.042246:ERROR:gl_surface_presentation_helper.cc(260)] GetVSyncParametersIfAvailable() failed for 2 times!
2025-06-24T20:50:41.985058-04:00 lab opera_opera.desktop[8787]: [8787:8787:0624/205041.984420:ERROR:gl_surface_presentation_helper.cc(260)] GetVSyncParametersIfAvailable() failed for 3 times!
2025-06-24T20:52:39.361837-04:00 lab opera_opera.desktop[8636]: [8636:8636:0624/205239.361430:ERROR:CONSOLE(2)] "TypeError: Failed to fetch", source: chrome://startpage/main.js (2)
2025-06-24T20:52:45.740469-04:00 lab opera_opera.desktop[8636]: [8636:8636:0624/205245.740003:ERROR:CONSOLE(503)] "Uncaught (in promise) Error", source: chrome-extension://ebongfbmlegepmkkdjlnlmdcmckedlal/touch_communication.js (503)
2025-06-24T20:53:15.992562-04:00 lab opera_opera.desktop[8636]: [8636:8636:0624/205315.991956:ERROR:CONSOLE(503)] "Uncaught (in promise) Error", source: chrome-extension://ebongfbmlegepmkkdjlnlmdcmckedlal/touch_communication.js (503)
2025-06-24T20:55:10.817272-04:00 lab opera_opera.desktop[8636]: [8636:8636:0624/205510.816747:ERROR:CONSOLE(503)] "Uncaught (in promise) Error", source: chrome-extension://ebongfbmlegepmkkdjlnlmdcmckedlal/touch_communication.js (503)
2025-06-24T20:55:10.817810-04:00 lab opera_opera.desktop[8636]: [8636:8636:0624/205510.817732:ERROR:CONSOLE(503)] "Uncaught (in promise) Error", source: chrome-extension://ebongfbmlegepmkkdjlnlmdcmckedlal/touch_communication.js (503)
2025-06-24T20:55:10.818202-04:00 lab opera_opera.desktop[8636]: [8636:8636:0624/205510.817995:ERROR:CONSOLE(503)] "Uncaught (in promise) Error", source: chrome-extension://ebongfbmlegepmkkdjlnlmdcmckedlal/touch_communication.js (503)
2025-06-24T20:55:12.944995-04:00 lab opera_opera.desktop[9947]: user-open error: request declined by the user (code 1)
2025-06-24T20:55:14.236228-04:00 lab opera_opera.desktop[9583]: user-open error: request declined by the user (code 1)
2025-06-24T20:55:41.372412-04:00 lab google-chrome.desktop[6662]: [6976:14:0624/205541.371718:ERROR:third_party/webrtc/pc/sdp_offer_answer.cc:430] A BUNDLE group contains a codec collision for payload_type='111. All codecs must share the same type, encoding name, clock rate and parameters. (INVALID_PARAMETER)
2025-06-24T21:10:04.614485-04:00 lab microsoft-edge.desktop[10303]: libva error: /usr/lib/x86_64-linux-gnu/dri/iHD_drv_video.so init failed
2025-06-24T21:10:17.808794-04:00 lab google-chrome.desktop[6662]: [6711:6716:0624/211017.808158:ERROR:net/socket/ssl_client_socket_impl.cc:878] handshake failed; returned -1, SSL error code 1, net_error -100
2025-06-24T21:10:17.814686-04:00 lab google-chrome.desktop[6662]: [6711:6716:0624/211017.814560:ERROR:net/socket/ssl_client_socket_impl.cc:878] handshake failed; returned -1, SSL error code 1, net_error -100
2025-06-24T21:10:22.984603-04:00 lab notion-desktop[10449]: Theme parsing error: gtk.css:1413:23: 'font-feature-settings' is not a valid property name
2025-06-24T21:10:22.989643-04:00 lab notion-desktop[10449]: Theme parsing error: gtk.css:3286:25: 'font-feature-settings' is not a valid property name
2025-06-24T21:10:22.991041-04:00 lab notion-desktop[10449]: Theme parsing error: gtk.css:3748:23: 'font-feature-settings' is not a valid property name
2025-06-24T21:10:25.559313-04:00 lab notion-desktop[10449]: Theme parsing error: gtk-dark.css:1413:23: 'font-feature-settings' is not a valid property name
2025-06-24T21:10:25.568310-04:00 lab notion-desktop[10449]: Theme parsing error: gtk-dark.css:3286:25: 'font-feature-settings' is not a valid property name
2025-06-24T21:10:25.571112-04:00 lab notion-desktop[10449]: Theme parsing error: gtk-dark.css:3748:23: 'font-feature-settings' is not a valid property name
2025-06-24T21:10:26.616269-04:00 lab google-chrome.desktop[6662]: [6711:6716:0624/211026.615881:ERROR:net/socket/ssl_client_socket_impl.cc:878] handshake failed; returned -1, SSL error code 1, net_error -107
2025-06-24T21:10:38.188873-04:00 lab google-chrome.desktop[6662]: [6711:6716:0624/211038.188300:ERROR:net/socket/ssl_client_socket_impl.cc:878] handshake failed; returned -1, SSL error code 1, net_error -100
2025-06-24T21:10:46.259263-04:00 lab microsoft-edge.desktop[10303]: [10351:10351:0624/211046.258578:ERROR:ui/gl/gl_surface_presentation_helper.cc:260] GetVSyncParametersIfAvailable() failed for 1 times!
2025-06-24T21:10:46.267276-04:00 lab microsoft-edge.desktop[10303]: [10351:10351:0624/211046.267052:ERROR:ui/gl/gl_surface_presentation_helper.cc:260] GetVSyncParametersIfAvailable() failed for 2 times!
2025-06-24T21:10:53.416951-04:00 lab microsoft-edge.desktop[10303]: [10351:10351:0624/211053.416258:ERROR:ui/gl/gl_surface_presentation_helper.cc:260] GetVSyncParametersIfAvailable() failed for 3 times!
2025-06-24T21:10:53.974963-04:00 lab microsoft-edge.desktop[10303]: [10296:10296:0624/211053.974852:ERROR:mojo/public/cpp/bindings/lib/interface_endpoint_client.cc:732] Message 0 rejected by interface blink.mojom.WidgetHost
2025-06-24T22:16:55.460023-04:00 lab google-chrome.desktop[6662]: [6655:6655:0624/221655.459379:ERROR:chrome/browser/ui/webui/new_tab_page/new_tab_page_handler.cc:1353] NewTabPage loaded into a non-browser-tab context
2025-06-24T22:18:43.495933-04:00 lab google-chrome.desktop[6662]: [6655:6655:0624/221843.495380:ERROR:chrome/browser/ui/webui/new_tab_page/new_tab_page_handler.cc:1353] NewTabPage loaded into a non-browser-tab context
2025-06-24T22:55:44.767059-04:00 lab systemd[1]: Starting apport-autoreport.service - Process error reports when automatic reporting is enabled...
2025-06-24T22:55:44.965004-04:00 lab systemd[1]: Finished apport-autoreport.service - Process error reports when automatic reporting is enabled.
2025-06-24T23:12:16.472677-04:00 lab tracker-miner-fs-3[15260]: (tracker-extract-3:15260): GLib-GIO-WARNING **: 23:12:16.472: Error creating IO channel for /proc/self/mountinfo: Argumento inválido (g-io-error-quark, 13)
2025-06-24T23:13:21.872227-04:00 lab tracker-miner-fs-3[15308]: (tracker-extract-3:15308): GLib-GIO-WARNING **: 23:13:21.871: Error creating IO channel for /proc/self/mountinfo: Argumento inválido (g-io-error-quark, 13)
